#
# There is insufficient memory for the Java Runtime Environment to continue.
# Native memory allocation (mmap) failed to map 12582912 bytes for G1 virtual space
# Possible reasons:
#   The system is out of physical RAM or swap space
#   The process is running with CompressedOops enabled, and the Java Heap may be blocking the growth of the native heap
# Possible solutions:
#   Reduce memory load on the system
#   Increase physical memory or swap space
#   Check if swap backing store is full
#   Decrease Java heap size (-Xmx/-Xms)
#   Decrease number of Java threads
#   Decrease Java thread stack sizes (-Xss)
#   Set larger code cache with -XX:ReservedCodeCacheSize=
#   JVM is running with Unscaled Compressed Oops mode in which the Java heap is
#     placed in the first 4GB address space. The Java Heap base address is the
#     maximum limit for the native heap growth. Please use -XX:HeapBaseMinAddress
#     to set the Java Heap base and to place the Java Heap above 4GB virtual address.
# This output file may be truncated or incomplete.
#
#  Out of Memory Error (os_windows.cpp:3613), pid=19196, tid=2776
#
# JRE version: OpenJDK Runtime Environment Microsoft-8902769 (17.0.10+7) (build 17.0.10+7-LTS)
# Java VM: OpenJDK 64-Bit Server VM Microsoft-8902769 (17.0.10+7-LTS, mixed mode, sharing, tiered, compressed oops, compressed class ptrs, g1 gc, windows-amd64)
# No core dump will be written. Minidumps are not enabled by default on client versions of Windows
#

---------------  S U M M A R Y ------------

Command Line: -XX:MaxMetaspaceSize=512m --add-opens=java.base/java.util=ALL-UNNAMED --add-opens=java.base/java.lang=ALL-UNNAMED --add-opens=java.base/java.lang.invoke=ALL-UNNAMED --add-opens=java.prefs/java.util.prefs=ALL-UNNAMED --add-opens=java.base/java.nio.charset=ALL-UNNAMED --add-opens=java.base/java.net=ALL-UNNAMED --add-opens=java.base/java.util.concurrent.atomic=ALL-UNNAMED -Xmx2048m -Dfile.encoding=windows-1252 -Duser.country=US -Duser.language=en -Duser.variant -javaagent:C:\Users\Riad\.gradle\wrapper\dists\gradle-8.3-all\6en3ugtfdg5xnpx44z4qbwgas\gradle-8.3\lib\agents\gradle-instrumentation-agent-8.3.jar org.gradle.launcher.daemon.bootstrap.GradleDaemon 8.3

Host: AMD Ryzen 5 3600 6-Core Processor              , 12 cores, 15G,  Windows 10 , 64 bit Build 19041 (10.0.19041.3636)
Time: Mon Apr 15 16:55:43 2024 GMT Daylight Time elapsed time: 20.490903 seconds (0d 0h 0m 20s)

---------------  T H R E A D  ---------------

Current thread (0x00000253cc5c8be0):  VMThread "VM Thread" [stack: 0x000000c712500000,0x000000c712600000] [id=2776]

Stack: [0x000000c712500000,0x000000c712600000]
Native frames: (J=compiled Java code, j=interpreted, Vv=VM code, C=native code)
V  [jvm.dll+0x67f829]
V  [jvm.dll+0x83750a]
V  [jvm.dll+0x838fce]
V  [jvm.dll+0x839633]
V  [jvm.dll+0x247cbf]
V  [jvm.dll+0x67c669]
V  [jvm.dll+0x6710da]
V  [jvm.dll+0x309b8b]
V  [jvm.dll+0x311036]
V  [jvm.dll+0x360d5e]
V  [jvm.dll+0x360f8f]
V  [jvm.dll+0x2e0798]
V  [jvm.dll+0x2e3816]
V  [jvm.dll+0x2edf0a]
V  [jvm.dll+0x322220]
V  [jvm.dll+0x83db2b]
V  [jvm.dll+0x83e871]
V  [jvm.dll+0x83ed8d]
V  [jvm.dll+0x83f164]
V  [jvm.dll+0x83f230]
V  [jvm.dll+0x7e69da]
V  [jvm.dll+0x67e715]
C  [ucrtbase.dll+0x21bb2]
C  [KERNEL32.DLL+0x17344]
C  [ntdll.dll+0x526b1]

VM_Operation (0x000000c7121ff800): G1PauseRemark, mode: safepoint, requested by thread 0x00000253abd6b190


---------------  P R O C E S S  ---------------

Threads class SMR info:
_java_thread_list=0x00000253ec3c9d10, length=121, elements={
0x00000253abcfc0a0, 0x00000253cc5d1fe0, 0x00000253cc5d2d70, 0x00000253cc5e46b0,
0x00000253cc5e8200, 0x00000253cc5e8ad0, 0x00000253cc5e93a0, 0x00000253cc5eb060,
0x00000253cc6f0080, 0x00000253cc6f0990, 0x00000253cc7f67a0, 0x00000253cc8c6b80,
0x00000253ed689040, 0x00000253ed416920, 0x00000253ed8c18f0, 0x00000253ed735ee0,
0x00000253eddd1e30, 0x00000253ed3090e0, 0x00000253ed306350, 0x00000253ed306d70,
0x00000253ed309b00, 0x00000253ed307790, 0x00000253ed3081b0, 0x00000253ed306860,
0x00000253ed3086c0, 0x00000253ed307280, 0x00000253ed308bd0, 0x00000253ed3095f0,
0x00000253f0339f40, 0x00000253f033d1e0, 0x00000253f0339a30, 0x00000253f033a450,
0x00000253f03376c0, 0x00000253f033ae70, 0x00000253f033b380, 0x00000253f0337bd0,
0x00000253f033b890, 0x00000253f0339520, 0x00000253f033bda0, 0x00000253f0339010,
0x00000253f03385f0, 0x00000253f0338b00, 0x00000253f033c7c0, 0x00000253f033ccd0,
0x00000253f033d6f0, 0x00000253f033dc00, 0x00000253f033eb30, 0x00000253f033f040,
0x00000253efec88f0, 0x00000253efec6070, 0x00000253efec74b0, 0x00000253efec79c0,
0x00000253efec6fa0, 0x00000253efec7ed0, 0x00000253efec9310, 0x00000253efec83e0,
0x00000253efec9820, 0x00000253efec6580, 0x00000253efec6a90, 0x00000253ec274d20,
0x00000253ec276b80, 0x00000253ec277ab0, 0x00000253ec2775a0, 0x00000253ec277fc0,
0x00000253ec2784d0, 0x00000253ec2733d0, 0x00000253ec2738e0, 0x00000253ec275c50,
0x00000253ec271060, 0x00000253ec2789e0, 0x00000253ec271a80, 0x00000253ec271f90,
0x00000253ec276670, 0x00000253ec272ec0, 0x00000253ec271570, 0x00000253ec2724a0,
0x00000253ec273df0, 0x00000253ec274300, 0x00000253ec274810, 0x00000253ec275230,
0x00000253ec275740, 0x00000253ec276160, 0x00000253efec8e00, 0x00000253f1704ce0,
0x00000253f1706630, 0x00000253f1703db0, 0x00000253f1709de0, 0x00000253f17051f0,
0x00000253f1706b40, 0x00000253f1707050, 0x00000253f170a2f0, 0x00000253f170a800,
0x00000253f170ad10, 0x00000253f170b220, 0x00000253f170b730, 0x00000253f17042c0,
0x00000253f1707560, 0x00000253f1708eb0, 0x00000253f1707a70, 0x00000253f17089a0,
0x00000253f17047d0, 0x00000253f1705700, 0x00000253f1707f80, 0x00000253f1705c10,
0x00000253f1706120, 0x00000253f17098d0, 0x00000253f07a30b0, 0x00000253f07a1250,
0x00000253f07a2180, 0x00000253ef5cf150, 0x00000253f07a6860, 0x00000253f07a3ad0,
0x00000253f07a81b0, 0x00000253f07a2690, 0x00000253f07a1c70, 0x00000253f07a4a00,
0x00000253f07a0d40, 0x00000253f07a2ba0, 0x00000253f07a6d70, 0x00000253f07a1760,
0x00000253f07a3fe0
}

Java Threads: ( => current thread )
  0x00000253abcfc0a0 JavaThread "main" [_thread_blocked, id=19008, stack(0x000000c711f00000,0x000000c712000000)]
  0x00000253cc5d1fe0 JavaThread "Reference Handler" daemon [_thread_blocked, id=17580, stack(0x000000c712600000,0x000000c712700000)]
  0x00000253cc5d2d70 JavaThread "Finalizer" daemon [_thread_blocked, id=16740, stack(0x000000c712700000,0x000000c712800000)]
  0x00000253cc5e46b0 JavaThread "Signal Dispatcher" daemon [_thread_blocked, id=4404, stack(0x000000c712800000,0x000000c712900000)]
  0x00000253cc5e8200 JavaThread "Attach Listener" daemon [_thread_blocked, id=16344, stack(0x000000c712900000,0x000000c712a00000)]
  0x00000253cc5e8ad0 JavaThread "Service Thread" daemon [_thread_blocked, id=16408, stack(0x000000c712a00000,0x000000c712b00000)]
  0x00000253cc5e93a0 JavaThread "Monitor Deflation Thread" daemon [_thread_blocked, id=18568, stack(0x000000c712b00000,0x000000c712c00000)]
  0x00000253cc5eb060 JavaThread "C2 CompilerThread0" daemon [_thread_in_native, id=15008, stack(0x000000c712c00000,0x000000c712d00000)]
  0x00000253cc6f0080 JavaThread "C1 CompilerThread0" daemon [_thread_blocked, id=16248, stack(0x000000c712d00000,0x000000c712e00000)]
  0x00000253cc6f0990 JavaThread "Sweeper thread" daemon [_thread_blocked, id=17800, stack(0x000000c712e00000,0x000000c712f00000)]
  0x00000253cc7f67a0 JavaThread "Common-Cleaner" daemon [_thread_blocked, id=12804, stack(0x000000c712f00000,0x000000c713000000)]
  0x00000253cc8c6b80 JavaThread "Notification Thread" daemon [_thread_blocked, id=18508, stack(0x000000c713000000,0x000000c713100000)]
  0x00000253ed689040 JavaThread "Daemon health stats" [_thread_blocked, id=7268, stack(0x000000c713800000,0x000000c713900000)]
  0x00000253ed416920 JavaThread "Incoming local TCP Connector on port 64722" [_thread_in_native, id=1436, stack(0x000000c713900000,0x000000c713a00000)]
  0x00000253ed8c18f0 JavaThread "Daemon periodic checks" [_thread_blocked, id=2420, stack(0x000000c713a00000,0x000000c713b00000)]
  0x00000253ed735ee0 JavaThread "Daemon" [_thread_blocked, id=2376, stack(0x000000c713b00000,0x000000c713c00000)]
  0x00000253eddd1e30 JavaThread "Handler for socket connection from /127.0.0.1:64722 to /127.0.0.1:64723" [_thread_in_native, id=15208, stack(0x000000c713c00000,0x000000c713d00000)]
  0x00000253ed3090e0 JavaThread "Cancel handler" [_thread_blocked, id=3668, stack(0x000000c713d00000,0x000000c713e00000)]
  0x00000253ed306350 JavaThread "Daemon worker" [_thread_blocked, id=18816, stack(0x000000c713e00000,0x000000c713f00000)]
  0x00000253ed306d70 JavaThread "Asynchronous log dispatcher for DefaultDaemonConnection: socket connection from /127.0.0.1:64722 to /127.0.0.1:64723" [_thread_blocked, id=7192, stack(0x000000c713f00000,0x000000c714000000)]
  0x00000253ed309b00 JavaThread "Stdin handler" [_thread_blocked, id=12972, stack(0x000000c714000000,0x000000c714100000)]
  0x00000253ed307790 JavaThread "Daemon client event forwarder" [_thread_blocked, id=17612, stack(0x000000c714100000,0x000000c714200000)]
  0x00000253ed3081b0 JavaThread "Cache worker for journal cache (C:\Users\Riad\.gradle\caches\journal-1)" [_thread_blocked, id=10704, stack(0x000000c714200000,0x000000c714300000)]
  0x00000253ed306860 JavaThread "File lock request listener" [_thread_in_native, id=3084, stack(0x000000c714300000,0x000000c714400000)]
  0x00000253ed3086c0 JavaThread "Cache worker for file hash cache (C:\Users\Riad\.gradle\caches\8.3\fileHashes)" [_thread_blocked, id=8680, stack(0x000000c714400000,0x000000c714500000)]
  0x00000253ed307280 JavaThread "File watcher server" daemon [_thread_blocked, id=18288, stack(0x000000c714600000,0x000000c714700000)]
  0x00000253ed308bd0 JavaThread "File watcher consumer" daemon [_thread_blocked, id=18828, stack(0x000000c714700000,0x000000c714800000)]
  0x00000253ed3095f0 JavaThread "Cache worker for checksums cache (D:\react projects\PfeProject\android\.gradle\8.3\checksums)" [_thread_blocked, id=14756, stack(0x000000c714800000,0x000000c714900000)]
  0x00000253f0339f40 JavaThread "Cache worker for file hash cache (D:\react projects\PfeProject\android\.gradle\8.3\fileHashes)" [_thread_blocked, id=6060, stack(0x000000c714900000,0x000000c714a00000)]
  0x00000253f033d1e0 JavaThread "Cache worker for cache directory md-supplier (C:\Users\Riad\.gradle\caches\8.3\md-supplier)" [_thread_blocked, id=7220, stack(0x000000c714a00000,0x000000c714b00000)]
  0x00000253f0339a30 JavaThread "Cache worker for file content cache (C:\Users\Riad\.gradle\caches\8.3\fileContent)" [_thread_blocked, id=13732, stack(0x000000c714b00000,0x000000c714c00000)]
  0x00000253f033a450 JavaThread "Cache worker for cache directory md-rule (C:\Users\Riad\.gradle\caches\8.3\md-rule)" [_thread_blocked, id=9852, stack(0x000000c715200000,0x000000c715300000)]
  0x00000253f03376c0 JavaThread "Cache worker for execution history cache (C:\Users\Riad\.gradle\caches\8.3\executionHistory)" [_thread_blocked, id=17972, stack(0x000000c715300000,0x000000c715400000)]
  0x00000253f033ae70 JavaThread "jar transforms" [_thread_blocked, id=19424, stack(0x000000c715400000,0x000000c715500000)]
  0x00000253f033b380 JavaThread "jar transforms Thread 2" [_thread_blocked, id=15960, stack(0x000000c715500000,0x000000c715600000)]
  0x00000253f0337bd0 JavaThread "jar transforms Thread 3" [_thread_blocked, id=9108, stack(0x000000c715600000,0x000000c715700000)]
  0x00000253f033b890 JavaThread "jar transforms Thread 4" [_thread_blocked, id=3188, stack(0x000000c715700000,0x000000c715800000)]
  0x00000253f0339520 JavaThread "Cache worker for kotlin-dsl (C:\Users\Riad\.gradle\caches\8.3\kotlin-dsl)" [_thread_blocked, id=12860, stack(0x000000c714500000,0x000000c714600000)]
  0x00000253f033bda0 JavaThread "jar transforms Thread 5" [_thread_blocked, id=18972, stack(0x000000c715900000,0x000000c715a00000)]
  0x00000253f0339010 JavaThread "jar transforms Thread 6" [_thread_blocked, id=11456, stack(0x000000c715a00000,0x000000c715b00000)]
  0x00000253f03385f0 JavaThread "Unconstrained build operations" [_thread_blocked, id=11568, stack(0x000000c713200000,0x000000c713300000)]
  0x00000253f0338b00 JavaThread "Unconstrained build operations Thread 2" [_thread_blocked, id=1456, stack(0x000000c715800000,0x000000c715900000)]
  0x00000253f033c7c0 JavaThread "jar transforms Thread 7" [_thread_blocked, id=18712, stack(0x000000c715c00000,0x000000c715d00000)]
  0x00000253f033ccd0 JavaThread "jar transforms Thread 8" [_thread_blocked, id=9628, stack(0x000000c715d00000,0x000000c715e00000)]
  0x00000253f033d6f0 JavaThread "jar transforms Thread 9" [_thread_blocked, id=18264, stack(0x000000c715e00000,0x000000c715f00000)]
  0x00000253f033dc00 JavaThread "jar transforms Thread 10" [_thread_blocked, id=11060, stack(0x000000c715f00000,0x000000c716000000)]
  0x00000253f033eb30 JavaThread "jar transforms Thread 11" [_thread_blocked, id=8196, stack(0x000000c716100000,0x000000c716200000)]
  0x00000253f033f040 JavaThread "jar transforms Thread 12" [_thread_blocked, id=156, stack(0x000000c716200000,0x000000c716300000)]
  0x00000253efec88f0 JavaThread "Cache worker for dependencies-accessors (D:\react projects\PfeProject\android\.gradle\8.3\dependencies-accessors)" [_thread_blocked, id=14096, stack(0x000000c716300000,0x000000c716400000)]
  0x00000253efec6070 JavaThread "Cache worker for Build Output Cleanup Cache (D:\react projects\PfeProject\node_modules\@react-native\gradle-plugin\.gradle\buildOutputCleanup)" [_thread_blocked, id=18700, stack(0x000000c716800000,0x000000c716900000)]
  0x00000253efec74b0 JavaThread "Unconstrained build operations Thread 3" [_thread_blocked, id=18640, stack(0x000000c716400000,0x000000c716500000)]
  0x00000253efec79c0 JavaThread "Unconstrained build operations Thread 4" [_thread_blocked, id=5756, stack(0x000000c716900000,0x000000c716a00000)]
  0x00000253efec6fa0 JavaThread "Unconstrained build operations Thread 5" [_thread_blocked, id=3032, stack(0x000000c716a00000,0x000000c716b00000)]
  0x00000253efec7ed0 JavaThread "Unconstrained build operations Thread 6" [_thread_blocked, id=18052, stack(0x000000c716b00000,0x000000c716c00000)]
  0x00000253efec9310 JavaThread "Unconstrained build operations Thread 7" [_thread_blocked, id=13972, stack(0x000000c716c00000,0x000000c716d00000)]
  0x00000253efec83e0 JavaThread "Unconstrained build operations Thread 8" [_thread_blocked, id=16544, stack(0x000000c716d00000,0x000000c716e00000)]
  0x00000253efec9820 JavaThread "Unconstrained build operations Thread 9" [_thread_blocked, id=8720, stack(0x000000c716e00000,0x000000c716f00000)]
  0x00000253efec6580 JavaThread "Unconstrained build operations Thread 10" [_thread_blocked, id=6376, stack(0x000000c716f00000,0x000000c717000000)]
  0x00000253efec6a90 JavaThread "Unconstrained build operations Thread 11" [_thread_blocked, id=10956, stack(0x000000c717000000,0x000000c717100000)]
  0x00000253ec274d20 JavaThread "Unconstrained build operations Thread 12" [_thread_blocked, id=15540, stack(0x000000c717100000,0x000000c717200000)]
  0x00000253ec276b80 JavaThread "Unconstrained build operations Thread 13" [_thread_blocked, id=15380, stack(0x000000c717200000,0x000000c717300000)]
  0x00000253ec277ab0 JavaThread "Memory manager" [_thread_blocked, id=3836, stack(0x000000c717300000,0x000000c717400000)]
  0x00000253ec2775a0 JavaThread "Cache worker for Build Output Cleanup Cache (D:\react projects\PfeProject\android\.gradle\buildOutputCleanup)" [_thread_blocked, id=7088, stack(0x000000c717400000,0x000000c717500000)]
  0x00000253ec277fc0 JavaThread "ForkJoinPool.commonPool-worker-1" daemon [_thread_blocked, id=3708, stack(0x000000c717600000,0x000000c717700000)]
  0x00000253ec2784d0 JavaThread "ForkJoinPool.commonPool-worker-2" daemon [_thread_blocked, id=1660, stack(0x000000c717700000,0x000000c717800000)]
  0x00000253ec2733d0 JavaThread "ForkJoinPool.commonPool-worker-3" daemon [_thread_blocked, id=17664, stack(0x000000c717800000,0x000000c717900000)]
  0x00000253ec2738e0 JavaThread "ForkJoinPool.commonPool-worker-4" daemon [_thread_blocked, id=664, stack(0x000000c717900000,0x000000c717a00000)]
  0x00000253ec275c50 JavaThread "ForkJoinPool.commonPool-worker-5" daemon [_thread_blocked, id=12108, stack(0x000000c717a00000,0x000000c717b00000)]
  0x00000253ec271060 JavaThread "ForkJoinPool.commonPool-worker-6" daemon [_thread_blocked, id=15848, stack(0x000000c717b00000,0x000000c717c00000)]
  0x00000253ec2789e0 JavaThread "ForkJoinPool.commonPool-worker-7" daemon [_thread_blocked, id=2780, stack(0x000000c717c00000,0x000000c717d00000)]
  0x00000253ec271a80 JavaThread "ForkJoinPool.commonPool-worker-8" daemon [_thread_blocked, id=16896, stack(0x000000c717d00000,0x000000c717e00000)]
  0x00000253ec271f90 JavaThread "ForkJoinPool.commonPool-worker-9" daemon [_thread_blocked, id=14068, stack(0x000000c717e00000,0x000000c717f00000)]
  0x00000253ec276670 JavaThread "ForkJoinPool.commonPool-worker-10" daemon [_thread_blocked, id=6032, stack(0x000000c717f00000,0x000000c718000000)]
  0x00000253ec272ec0 JavaThread "ForkJoinPool.commonPool-worker-11" daemon [_thread_blocked, id=15280, stack(0x000000c718000000,0x000000c718100000)]
  0x00000253ec271570 JavaThread "Exec process" [_thread_blocked, id=8380, stack(0x000000c718100000,0x000000c718200000)]
  0x00000253ec2724a0 JavaThread "Exec process Thread 2" [_thread_blocked, id=16616, stack(0x000000c718200000,0x000000c718300000)]
  0x00000253ec273df0 JavaThread "Exec process Thread 3" [_thread_blocked, id=17572, stack(0x000000c718300000,0x000000c718400000)]
  0x00000253ec274300 JavaThread "included builds" [_thread_blocked, id=11008, stack(0x000000c718400000,0x000000c718500000)]
  0x00000253ec274810 JavaThread "Execution worker" [_thread_blocked, id=9928, stack(0x000000c718500000,0x000000c718600000)]
  0x00000253ec275230 JavaThread "Execution worker Thread 2" [_thread_blocked, id=2796, stack(0x000000c718600000,0x000000c718700000)]
  0x00000253ec275740 JavaThread "Execution worker Thread 3" [_thread_blocked, id=8368, stack(0x000000c718700000,0x000000c718800000)]
  0x00000253ec276160 JavaThread "Execution worker Thread 4" [_thread_blocked, id=456, stack(0x000000c718800000,0x000000c718900000)]
  0x00000253efec8e00 JavaThread "Execution worker Thread 5" [_thread_blocked, id=11416, stack(0x000000c718900000,0x000000c718a00000)]
  0x00000253f1704ce0 JavaThread "Execution worker Thread 6" [_thread_blocked, id=17380, stack(0x000000c718a00000,0x000000c718b00000)]
  0x00000253f1706630 JavaThread "Execution worker Thread 7" [_thread_blocked, id=15936, stack(0x000000c718b00000,0x000000c718c00000)]
  0x00000253f1703db0 JavaThread "Execution worker Thread 8" [_thread_blocked, id=236, stack(0x000000c718c00000,0x000000c718d00000)]
  0x00000253f1709de0 JavaThread "Execution worker Thread 9" [_thread_blocked, id=11252, stack(0x000000c718d00000,0x000000c718e00000)]
  0x00000253f17051f0 JavaThread "Execution worker Thread 10" [_thread_blocked, id=1472, stack(0x000000c718e00000,0x000000c718f00000)]
  0x00000253f1706b40 JavaThread "Execution worker Thread 11" [_thread_blocked, id=548, stack(0x000000c718f00000,0x000000c719000000)]
  0x00000253f1707050 JavaThread "Cache worker for execution history cache (D:\react projects\PfeProject\node_modules\@react-native\gradle-plugin\.gradle\8.3\executionHistory)" [_thread_blocked, id=6256, stack(0x000000c719000000,0x000000c719100000)]
  0x00000253f170a2f0 JavaThread "Unconstrained build operations Thread 14" [_thread_blocked, id=8668, stack(0x000000c719100000,0x000000c719200000)]
  0x00000253f170a800 JavaThread "Unconstrained build operations Thread 15" [_thread_blocked, id=10904, stack(0x000000c719200000,0x000000c719300000)]
  0x00000253f170ad10 JavaThread "Unconstrained build operations Thread 16" [_thread_blocked, id=16500, stack(0x000000c719300000,0x000000c719400000)]
  0x00000253f170b220 JavaThread "Unconstrained build operations Thread 17" [_thread_blocked, id=19356, stack(0x000000c719400000,0x000000c719500000)]
  0x00000253f170b730 JavaThread "Unconstrained build operations Thread 18" [_thread_blocked, id=3256, stack(0x000000c719500000,0x000000c719600000)]
  0x00000253f17042c0 JavaThread "Unconstrained build operations Thread 19" [_thread_blocked, id=19292, stack(0x000000c719600000,0x000000c719700000)]
  0x00000253f1707560 JavaThread "Unconstrained build operations Thread 20" [_thread_blocked, id=5144, stack(0x000000c719700000,0x000000c719800000)]
  0x00000253f1708eb0 JavaThread "Unconstrained build operations Thread 21" [_thread_blocked, id=280, stack(0x000000c719800000,0x000000c719900000)]
  0x00000253f1707a70 JavaThread "Unconstrained build operations Thread 22" [_thread_blocked, id=19016, stack(0x000000c719900000,0x000000c719a00000)]
  0x00000253f17089a0 JavaThread "Unconstrained build operations Thread 23" [_thread_blocked, id=19180, stack(0x000000c719a00000,0x000000c719b00000)]
  0x00000253f17047d0 JavaThread "Unconstrained build operations Thread 24" [_thread_blocked, id=16472, stack(0x000000c719b00000,0x000000c719c00000)]
  0x00000253f1705700 JavaThread "Unconstrained build operations Thread 25" [_thread_blocked, id=8532, stack(0x000000c719c00000,0x000000c719d00000)]
  0x00000253f1707f80 JavaThread "Unconstrained build operations Thread 26" [_thread_blocked, id=3756, stack(0x000000c719d00000,0x000000c719e00000)]
  0x00000253f1705c10 JavaThread "WorkerExecutor Queue" [_thread_blocked, id=15432, stack(0x000000c719e00000,0x000000c719f00000)]
  0x00000253f1706120 JavaThread "RMI Scheduler(0)" daemon [_thread_blocked, id=12908, stack(0x000000c716000000,0x000000c716100000)]
  0x00000253f17098d0 JavaThread "RMI GC Daemon" daemon [_thread_blocked, id=16260, stack(0x000000c719f00000,0x000000c71a000000)]
  0x00000253f07a30b0 JavaThread "RMI TCP Accept-0" daemon [_thread_in_native, id=3644, stack(0x000000c71a000000,0x000000c71a100000)]
  0x00000253f07a1250 JavaThread "RMI Reaper" [_thread_blocked, id=16120, stack(0x000000c71a100000,0x000000c71a200000)]
  0x00000253f07a2180 JavaThread "RMI TCP Connection(1)-127.0.0.1" daemon [_thread_in_native, id=9644, stack(0x000000c71a200000,0x000000c71a300000)]
  0x00000253ef5cf150 JavaThread "C2 CompilerThread1" daemon [_thread_blocked, id=18212, stack(0x000000c71a300000,0x000000c71a400000)]
  0x00000253f07a6860 JavaThread "Unconstrained build operations Thread 27" [_thread_blocked, id=3696, stack(0x000000c71a400000,0x000000c71a500000)]
  0x00000253f07a3ad0 JavaThread "Unconstrained build operations Thread 28" [_thread_blocked, id=6420, stack(0x000000c71a500000,0x000000c71a600000)]
  0x00000253f07a81b0 JavaThread "Unconstrained build operations Thread 29" [_thread_blocked, id=17724, stack(0x000000c71a600000,0x000000c71a700000)]
  0x00000253f07a2690 JavaThread "Unconstrained build operations Thread 30" [_thread_blocked, id=3508, stack(0x000000c71a700000,0x000000c71a800000)]
  0x00000253f07a1c70 JavaThread "Unconstrained build operations Thread 31" [_thread_blocked, id=2400, stack(0x000000c71a800000,0x000000c71a900000)]
  0x00000253f07a4a00 JavaThread "Unconstrained build operations Thread 32" [_thread_blocked, id=10708, stack(0x000000c71a900000,0x000000c71aa00000)]
  0x00000253f07a0d40 JavaThread "Unconstrained build operations Thread 33" [_thread_blocked, id=15860, stack(0x000000c71aa00000,0x000000c71ab00000)]
  0x00000253f07a2ba0 JavaThread "Unconstrained build operations Thread 34" [_thread_blocked, id=6924, stack(0x000000c71ab00000,0x000000c71ac00000)]
  0x00000253f07a6d70 JavaThread "Unconstrained build operations Thread 35" [_thread_blocked, id=2836, stack(0x000000c71ac00000,0x000000c71ad00000)]
  0x00000253f07a1760 JavaThread "Unconstrained build operations Thread 36" [_thread_blocked, id=1548, stack(0x000000c71ad00000,0x000000c71ae00000)]
  0x00000253f07a3fe0 JavaThread "Unconstrained build operations Thread 37" [_thread_blocked, id=6008, stack(0x000000c71ae00000,0x000000c71af00000)]

Other Threads:
=>0x00000253cc5c8be0 VMThread "VM Thread" [stack: 0x000000c712500000,0x000000c712600000] [id=2776]
  0x00000253cc8ff050 WatcherThread [stack: 0x000000c713100000,0x000000c713200000] [id=17788]
  0x00000253abd5a330 GCTaskThread "GC Thread#0" [stack: 0x000000c712000000,0x000000c712100000] [id=8416]
  0x00000253ecb7c610 GCTaskThread "GC Thread#1" [stack: 0x000000c713300000,0x000000c713400000] [id=16948]
  0x00000253ecb7c8d0 GCTaskThread "GC Thread#2" [stack: 0x000000c713400000,0x000000c713500000] [id=2264]
  0x00000253ecb7cb90 GCTaskThread "GC Thread#3" [stack: 0x000000c713500000,0x000000c713600000] [id=18400]
  0x00000253ec3c4660 GCTaskThread "GC Thread#4" [stack: 0x000000c713600000,0x000000c713700000] [id=11572]
  0x00000253ec3c4920 GCTaskThread "GC Thread#5" [stack: 0x000000c713700000,0x000000c713800000] [id=8616]
  0x00000253ed3dc920 GCTaskThread "GC Thread#6" [stack: 0x000000c714c00000,0x000000c714d00000] [id=15800]
  0x00000253ed3dc3a0 GCTaskThread "GC Thread#7" [stack: 0x000000c714d00000,0x000000c714e00000] [id=3048]
  0x00000253ed3dcea0 GCTaskThread "GC Thread#8" [stack: 0x000000c714e00000,0x000000c714f00000] [id=16196]
  0x00000253ed3dd160 GCTaskThread "GC Thread#9" [stack: 0x000000c714f00000,0x000000c715000000] [id=18552]
  0x00000253abd6b190 ConcurrentGCThread "G1 Main Marker" [stack: 0x000000c712100000,0x000000c712200000] [id=16512]
  0x00000253abd6c260 ConcurrentGCThread "G1 Conc#0" [stack: 0x000000c712200000,0x000000c712300000] [id=17356]
  0x00000253ed3ddc60 ConcurrentGCThread "G1 Conc#1" [stack: 0x000000c715000000,0x000000c715100000] [id=10236]
  0x00000253ed3dd9a0 ConcurrentGCThread "G1 Conc#2" [stack: 0x000000c715100000,0x000000c715200000] [id=4168]
  0x00000253abdbe0b0 ConcurrentGCThread "G1 Refine#0" [stack: 0x000000c712300000,0x000000c712400000] [id=3540]
  0x00000253eeefca70 ConcurrentGCThread "G1 Refine#1" [stack: 0x000000c716500000,0x000000c716600000] [id=15012]
  0x00000253eeefeac0 ConcurrentGCThread "G1 Refine#2" [stack: 0x000000c716600000,0x000000c716700000] [id=12068]
  0x00000253eeefc1a0 ConcurrentGCThread "G1 Refine#3" [stack: 0x000000c716700000,0x000000c716800000] [id=2032]
  0x00000253abdbe9f0 ConcurrentGCThread "G1 Service" [stack: 0x000000c712400000,0x000000c712500000] [id=14328]

Threads with active compile tasks:
C2 CompilerThread0    20518 11634       4       groovyjarjarantlr4.v4.runtime.atn.PredictionContext::join (569 bytes)
C2 CompilerThread1    20518 11729       4       groovyjarjarantlr4.v4.runtime.atn.PredictionContext::getCachedContext (297 bytes)

VM state: at safepoint (normal execution)

VM Mutex/Monitor currently owned by a thread:  ([mutex/lock_event])
[0x00000253abcf8d90] Threads_lock - owner thread: 0x00000253cc5c8be0
[0x00000253abcf9690] Heap_lock - owner thread: 0x00000253abd6b190

Heap address: 0x0000000080000000, size: 2048 MB, Compressed Oops mode: 32-bit

CDS archive(s) mapped at: [0x00000253cd000000-0x00000253cdbb0000-0x00000253cdbb0000), size 12255232, SharedBaseAddress: 0x00000253cd000000, ArchiveRelocationMode: 1.
Compressed class space mapped at: 0x00000253ce000000-0x00000253e8000000, reserved size: 436207616
Narrow klass base: 0x00000253cd000000, Narrow klass shift: 0, Narrow klass range: 0x100000000

GC Precious Log:
 CPUs: 12 total, 12 available
 Memory: 16294M
 Large Page Support: Disabled
 NUMA Support: Disabled
 Compressed Oops: Enabled (32-bit)
 Heap Region Size: 1M
 Heap Min Capacity: 8M
 Heap Initial Capacity: 256M
 Heap Max Capacity: 2G
 Pre-touch: Disabled
 Parallel Workers: 10
 Concurrent Workers: 3
 Concurrent Refinement Workers: 10
 Periodic GC: Disabled

Heap:
 garbage-first heap   total 146432K, used 93152K [0x0000000080000000, 0x0000000100000000)
  region size 1024K, 14 young (14336K), 2 survivors (2048K)
 Metaspace       used 90008K, committed 90816K, reserved 557056K
  class space    used 12410K, committed 12800K, reserved 425984K

Heap Regions: E=young(eden), S=young(survivor), O=old, HS=humongous(starts), HC=humongous(continues), CS=collection set, F=free, OA=open archive, CA=closed archive, TAMS=top-at-mark-start (previous, next)
|   0|0x0000000080000000, 0x0000000080100000, 0x0000000080100000|100%|HS|  |TAMS 0x0000000080100000, 0x0000000080000000| Complete 
|   1|0x0000000080100000, 0x0000000080200000, 0x0000000080200000|100%|HC|  |TAMS 0x0000000080200000, 0x0000000080100000| Complete 
|   2|0x0000000080200000, 0x0000000080300000, 0x0000000080300000|100%|HC|  |TAMS 0x0000000080300000, 0x0000000080200000| Complete 
|   3|0x0000000080300000, 0x0000000080400000, 0x0000000080400000|100%|HC|  |TAMS 0x0000000080400000, 0x0000000080300000| Complete 
|   4|0x0000000080400000, 0x0000000080500000, 0x0000000080500000|100%| O|  |TAMS 0x0000000080500000, 0x0000000080400000| Untracked 
|   5|0x0000000080500000, 0x0000000080600000, 0x0000000080600000|100%| O|  |TAMS 0x0000000080600000, 0x0000000080500000| Untracked 
|   6|0x0000000080600000, 0x0000000080700000, 0x0000000080700000|100%| O|  |TAMS 0x0000000080700000, 0x0000000080600000| Untracked 
|   7|0x0000000080700000, 0x0000000080800000, 0x0000000080800000|100%| O|  |TAMS 0x0000000080800000, 0x0000000080700000| Updating 
|   8|0x0000000080800000, 0x0000000080900000, 0x0000000080900000|100%| O|  |TAMS 0x0000000080900000, 0x0000000080800000| Untracked 
|   9|0x0000000080900000, 0x0000000080a00000, 0x0000000080a00000|100%| O|  |TAMS 0x0000000080a00000, 0x0000000080900000| Untracked 
|  10|0x0000000080a00000, 0x0000000080b00000, 0x0000000080b00000|100%| O|  |TAMS 0x0000000080b00000, 0x0000000080a00000| Untracked 
|  11|0x0000000080b00000, 0x0000000080c00000, 0x0000000080c00000|100%| O|  |TAMS 0x0000000080c00000, 0x0000000080b00000| Untracked 
|  12|0x0000000080c00000, 0x0000000080d00000, 0x0000000080d00000|100%| O|  |TAMS 0x0000000080d00000, 0x0000000080c00000| Untracked 
|  13|0x0000000080d00000, 0x0000000080e00000, 0x0000000080e00000|100%| O|  |TAMS 0x0000000080e00000, 0x0000000080d00000| Untracked 
|  14|0x0000000080e00000, 0x0000000080f00000, 0x0000000080f00000|100%| O|  |TAMS 0x0000000080f00000, 0x0000000080e00000| Untracked 
|  15|0x0000000080f00000, 0x0000000081000000, 0x0000000081000000|100%| O|  |TAMS 0x0000000081000000, 0x0000000080f00000| Untracked 
|  16|0x0000000081000000, 0x0000000081100000, 0x0000000081100000|100%| O|  |TAMS 0x0000000081100000, 0x0000000081000000| Untracked 
|  17|0x0000000081100000, 0x0000000081200000, 0x0000000081200000|100%| O|  |TAMS 0x0000000081200000, 0x0000000081100000| Untracked 
|  18|0x0000000081200000, 0x0000000081300000, 0x0000000081300000|100%| O|  |TAMS 0x0000000081300000, 0x0000000081200000| Untracked 
|  19|0x0000000081300000, 0x0000000081400000, 0x0000000081400000|100%| O|  |TAMS 0x0000000081400000, 0x0000000081300000| Updating 
|  20|0x0000000081400000, 0x0000000081500000, 0x0000000081500000|100%| O|  |TAMS 0x0000000081500000, 0x0000000081400000| Untracked 
|  21|0x0000000081500000, 0x0000000081600000, 0x0000000081600000|100%| O|  |TAMS 0x0000000081600000, 0x0000000081500000| Untracked 
|  22|0x0000000081600000, 0x0000000081700000, 0x0000000081700000|100%| O|  |TAMS 0x0000000081700000, 0x0000000081600000| Untracked 
|  23|0x0000000081700000, 0x0000000081800000, 0x0000000081800000|100%| O|  |TAMS 0x0000000081800000, 0x0000000081700000| Untracked 
|  24|0x0000000081800000, 0x0000000081900000, 0x0000000081900000|100%| O|  |TAMS 0x0000000081900000, 0x0000000081800000| Untracked 
|  25|0x0000000081900000, 0x0000000081a00000, 0x0000000081a00000|100%| O|  |TAMS 0x0000000081a00000, 0x0000000081900000| Updating 
|  26|0x0000000081a00000, 0x0000000081b00000, 0x0000000081b00000|100%| O|  |TAMS 0x0000000081b00000, 0x0000000081a00000| Untracked 
|  27|0x0000000081b00000, 0x0000000081c00000, 0x0000000081c00000|100%| O|  |TAMS 0x0000000081c00000, 0x0000000081b00000| Updating 
|  28|0x0000000081c00000, 0x0000000081d00000, 0x0000000081d00000|100%| O|  |TAMS 0x0000000081d00000, 0x0000000081c00000| Untracked 
|  29|0x0000000081d00000, 0x0000000081e00000, 0x0000000081e00000|100%| O|  |TAMS 0x0000000081e00000, 0x0000000081d00000| Untracked 
|  30|0x0000000081e00000, 0x0000000081f00000, 0x0000000081f00000|100%| O|  |TAMS 0x0000000081f00000, 0x0000000081e00000| Untracked 
|  31|0x0000000081f00000, 0x0000000082000000, 0x0000000082000000|100%| O|  |TAMS 0x0000000082000000, 0x0000000081f00000| Untracked 
|  32|0x0000000082000000, 0x0000000082100000, 0x0000000082100000|100%| O|  |TAMS 0x0000000082100000, 0x0000000082000000| Untracked 
|  33|0x0000000082100000, 0x0000000082200000, 0x0000000082200000|100%| O|  |TAMS 0x0000000082200000, 0x0000000082100000| Untracked 
|  34|0x0000000082200000, 0x0000000082300000, 0x0000000082300000|100%| O|  |TAMS 0x0000000082300000, 0x0000000082200000| Untracked 
|  35|0x0000000082300000, 0x0000000082400000, 0x0000000082400000|100%| O|  |TAMS 0x0000000082400000, 0x0000000082300000| Untracked 
|  36|0x0000000082400000, 0x0000000082500000, 0x0000000082500000|100%| O|  |TAMS 0x0000000082500000, 0x0000000082400000| Untracked 
|  37|0x0000000082500000, 0x0000000082600000, 0x0000000082600000|100%| O|  |TAMS 0x0000000082600000, 0x0000000082500000| Untracked 
|  38|0x0000000082600000, 0x0000000082700000, 0x0000000082700000|100%| O|  |TAMS 0x0000000082700000, 0x0000000082600000| Untracked 
|  39|0x0000000082700000, 0x0000000082800000, 0x0000000082800000|100%| O|  |TAMS 0x0000000082800000, 0x0000000082700000| Untracked 
|  40|0x0000000082800000, 0x0000000082900000, 0x0000000082900000|100%| O|  |TAMS 0x0000000082900000, 0x0000000082800000| Updating 
|  41|0x0000000082900000, 0x0000000082900000, 0x0000000082a00000|  0%| F|  |TAMS 0x0000000082900000, 0x0000000082900000| Untracked 
|  42|0x0000000082a00000, 0x0000000082b00000, 0x0000000082b00000|100%| O|  |TAMS 0x0000000082b00000, 0x0000000082a00000| Untracked 
|  43|0x0000000082b00000, 0x0000000082c00000, 0x0000000082c00000|100%| O|  |TAMS 0x0000000082c00000, 0x0000000082b00000| Updating 
|  44|0x0000000082c00000, 0x0000000082d00000, 0x0000000082d00000|100%| O|  |TAMS 0x0000000082d00000, 0x0000000082c00000| Updating 
|  45|0x0000000082d00000, 0x0000000082e00000, 0x0000000082e00000|100%| O|  |TAMS 0x0000000082e00000, 0x0000000082d00000| Updating 
|  46|0x0000000082e00000, 0x0000000082f00000, 0x0000000082f00000|100%| O|  |TAMS 0x0000000082f00000, 0x0000000082e00000| Updating 
|  47|0x0000000082f00000, 0x0000000083000000, 0x0000000083000000|100%| O|  |TAMS 0x0000000083000000, 0x0000000082f00000| Updating 
|  48|0x0000000083000000, 0x0000000083100000, 0x0000000083100000|100%|HS|  |TAMS 0x0000000083100000, 0x0000000083000000| Complete 
|  49|0x0000000083100000, 0x0000000083200000, 0x0000000083200000|100%|HC|  |TAMS 0x0000000083200000, 0x0000000083100000| Complete 
|  50|0x0000000083200000, 0x0000000083300000, 0x0000000083300000|100%|HS|  |TAMS 0x0000000083300000, 0x0000000083200000| Complete 
|  51|0x0000000083300000, 0x0000000083400000, 0x0000000083400000|100%|HC|  |TAMS 0x0000000083400000, 0x0000000083300000| Complete 
|  52|0x0000000083400000, 0x0000000083500000, 0x0000000083500000|100%|HS|  |TAMS 0x0000000083500000, 0x0000000083400000| Complete 
|  53|0x0000000083500000, 0x0000000083600000, 0x0000000083600000|100%|HC|  |TAMS 0x0000000083600000, 0x0000000083500000| Complete 
|  54|0x0000000083600000, 0x0000000083700000, 0x0000000083700000|100%|HC|  |TAMS 0x0000000083700000, 0x0000000083600000| Complete 
|  55|0x0000000083700000, 0x0000000083800000, 0x0000000083800000|100%|HC|  |TAMS 0x0000000083800000, 0x0000000083700000| Complete 
|  56|0x0000000083800000, 0x0000000083900000, 0x0000000083900000|100%| O|  |TAMS 0x0000000083900000, 0x0000000083800000| Updating 
|  57|0x0000000083900000, 0x0000000083a00000, 0x0000000083a00000|100%| O|  |TAMS 0x0000000083a00000, 0x0000000083900000| Untracked 
|  58|0x0000000083a00000, 0x0000000083b00000, 0x0000000083b00000|100%| O|  |TAMS 0x0000000083b00000, 0x0000000083a00000| Untracked 
|  59|0x0000000083b00000, 0x0000000083c00000, 0x0000000083c00000|100%| O|  |TAMS 0x0000000083c00000, 0x0000000083b00000| Untracked 
|  60|0x0000000083c00000, 0x0000000083d00000, 0x0000000083d00000|100%| O|  |TAMS 0x0000000083d00000, 0x0000000083c00000| Untracked 
|  61|0x0000000083d00000, 0x0000000083e00000, 0x0000000083e00000|100%| O|  |TAMS 0x0000000083e00000, 0x0000000083d00000| Updating 
|  62|0x0000000083e00000, 0x0000000083f00000, 0x0000000083f00000|100%|HS|  |TAMS 0x0000000083f00000, 0x0000000083e00000| Complete 
|  63|0x0000000083f00000, 0x0000000084000000, 0x0000000084000000|100%|HC|  |TAMS 0x0000000084000000, 0x0000000083f00000| Complete 
|  64|0x0000000084000000, 0x0000000084100000, 0x0000000084100000|100%|HC|  |TAMS 0x0000000084100000, 0x0000000084000000| Complete 
|  65|0x0000000084100000, 0x0000000084200000, 0x0000000084200000|100%|HC|  |TAMS 0x0000000084200000, 0x0000000084100000| Complete 
|  66|0x0000000084200000, 0x0000000084300000, 0x0000000084300000|100%| O|  |TAMS 0x0000000084300000, 0x0000000084200000| Untracked 
|  67|0x0000000084300000, 0x0000000084400000, 0x0000000084400000|100%| O|  |TAMS 0x0000000084400000, 0x0000000084300000| Untracked 
|  68|0x0000000084400000, 0x0000000084500000, 0x0000000084500000|100%| O|  |TAMS 0x0000000084500000, 0x0000000084400000| Untracked 
|  69|0x0000000084500000, 0x0000000084600000, 0x0000000084600000|100%| O|  |TAMS 0x0000000084600000, 0x0000000084500000| Untracked 
|  70|0x0000000084600000, 0x0000000084700000, 0x0000000084700000|100%| O|  |TAMS 0x0000000084700000, 0x0000000084600000| Untracked 
|  71|0x0000000084700000, 0x0000000084800000, 0x0000000084800000|100%| O|  |TAMS 0x0000000084800000, 0x0000000084700000| Untracked 
|  72|0x0000000084800000, 0x0000000084900000, 0x0000000084900000|100%| O|  |TAMS 0x0000000084900000, 0x0000000084800000| Untracked 
|  73|0x0000000084900000, 0x0000000084a00000, 0x0000000084a00000|100%| O|  |TAMS 0x0000000084a00000, 0x0000000084900000| Untracked 
|  74|0x0000000084a00000, 0x0000000084b00000, 0x0000000084b00000|100%| O|  |TAMS 0x0000000084b00000, 0x0000000084a00000| Untracked 
|  75|0x0000000084b00000, 0x0000000084c00000, 0x0000000084c00000|100%| O|  |TAMS 0x0000000084c00000, 0x0000000084b00000| Untracked 
|  76|0x0000000084c00000, 0x0000000084d00000, 0x0000000084d00000|100%| O|  |TAMS 0x0000000084d00000, 0x0000000084c00000| Updating 
|  77|0x0000000084d00000, 0x0000000084e00000, 0x0000000084e00000|100%| O|  |TAMS 0x0000000084e00000, 0x0000000084d00000| Untracked 
|  78|0x0000000084e00000, 0x0000000084f00000, 0x0000000084f00000|100%| O|  |TAMS 0x0000000084f00000, 0x0000000084e00000| Untracked 
|  79|0x0000000084f00000, 0x0000000084fd2a00, 0x0000000085000000| 82%| O|  |TAMS 0x0000000084fd2a00, 0x0000000084f00000| Updating 
|  80|0x0000000085000000, 0x0000000085000000, 0x0000000085100000|  0%| F|  |TAMS 0x0000000085000000, 0x0000000085000000| Untracked 
|  81|0x0000000085100000, 0x0000000085100000, 0x0000000085200000|  0%| F|  |TAMS 0x0000000085100000, 0x0000000085100000| Untracked 
|  82|0x0000000085200000, 0x0000000085200000, 0x0000000085300000|  0%| F|  |TAMS 0x0000000085200000, 0x0000000085200000| Untracked 
|  83|0x0000000085300000, 0x0000000085300000, 0x0000000085400000|  0%| F|  |TAMS 0x0000000085300000, 0x0000000085300000| Untracked 
|  84|0x0000000085400000, 0x0000000085400000, 0x0000000085500000|  0%| F|  |TAMS 0x0000000085400000, 0x0000000085400000| Untracked 
|  85|0x0000000085500000, 0x0000000085500000, 0x0000000085600000|  0%| F|  |TAMS 0x0000000085500000, 0x0000000085500000| Untracked 
|  86|0x0000000085600000, 0x0000000085600000, 0x0000000085700000|  0%| F|  |TAMS 0x0000000085600000, 0x0000000085600000| Untracked 
|  87|0x0000000085700000, 0x0000000085700000, 0x0000000085800000|  0%| F|  |TAMS 0x0000000085700000, 0x0000000085700000| Untracked 
|  88|0x0000000085800000, 0x0000000085800000, 0x0000000085900000|  0%| F|  |TAMS 0x0000000085800000, 0x0000000085800000| Untracked 
|  89|0x0000000085900000, 0x0000000085900000, 0x0000000085a00000|  0%| F|  |TAMS 0x0000000085900000, 0x0000000085900000| Untracked 
|  90|0x0000000085a00000, 0x0000000085a00000, 0x0000000085b00000|  0%| F|  |TAMS 0x0000000085a00000, 0x0000000085a00000| Untracked 
|  91|0x0000000085b00000, 0x0000000085b00000, 0x0000000085c00000|  0%| F|  |TAMS 0x0000000085b00000, 0x0000000085b00000| Untracked 
|  92|0x0000000085c00000, 0x0000000085c00000, 0x0000000085d00000|  0%| F|  |TAMS 0x0000000085c00000, 0x0000000085c00000| Untracked 
|  93|0x0000000085d00000, 0x0000000085d00000, 0x0000000085e00000|  0%| F|  |TAMS 0x0000000085d00000, 0x0000000085d00000| Untracked 
|  94|0x0000000085e00000, 0x0000000085e00000, 0x0000000085f00000|  0%| F|  |TAMS 0x0000000085e00000, 0x0000000085e00000| Untracked 
|  95|0x0000000085f00000, 0x0000000085f00000, 0x0000000086000000|  0%| F|  |TAMS 0x0000000085f00000, 0x0000000085f00000| Untracked 
|  96|0x0000000086000000, 0x0000000086000000, 0x0000000086100000|  0%| F|  |TAMS 0x0000000086000000, 0x0000000086000000| Untracked 
|  97|0x0000000086100000, 0x0000000086100000, 0x0000000086200000|  0%| F|  |TAMS 0x0000000086100000, 0x0000000086100000| Untracked 
|  98|0x0000000086200000, 0x0000000086200000, 0x0000000086300000|  0%| F|  |TAMS 0x0000000086200000, 0x0000000086200000| Untracked 
|  99|0x0000000086300000, 0x0000000086300000, 0x0000000086400000|  0%| F|  |TAMS 0x0000000086300000, 0x0000000086300000| Untracked 
| 100|0x0000000086400000, 0x0000000086400000, 0x0000000086500000|  0%| F|  |TAMS 0x0000000086400000, 0x0000000086400000| Untracked 
| 101|0x0000000086500000, 0x0000000086525908, 0x0000000086600000| 14%| S|CS|TAMS 0x0000000086500000, 0x0000000086500000| Complete 
| 102|0x0000000086600000, 0x0000000086700000, 0x0000000086700000|100%| S|CS|TAMS 0x0000000086600000, 0x0000000086600000| Complete 
| 103|0x0000000086700000, 0x0000000086700000, 0x0000000086800000|  0%| F|  |TAMS 0x0000000086700000, 0x0000000086700000| Untracked 
| 104|0x0000000086800000, 0x0000000086800000, 0x0000000086900000|  0%| F|  |TAMS 0x0000000086800000, 0x0000000086800000| Untracked 
| 105|0x0000000086900000, 0x0000000086900000, 0x0000000086a00000|  0%| F|  |TAMS 0x0000000086900000, 0x0000000086900000| Untracked 
| 106|0x0000000086a00000, 0x0000000086a00000, 0x0000000086b00000|  0%| F|  |TAMS 0x0000000086a00000, 0x0000000086a00000| Untracked 
| 107|0x0000000086b00000, 0x0000000086b00000, 0x0000000086c00000|  0%| F|  |TAMS 0x0000000086b00000, 0x0000000086b00000| Untracked 
| 108|0x0000000086c00000, 0x0000000086c00000, 0x0000000086d00000|  0%| F|  |TAMS 0x0000000086c00000, 0x0000000086c00000| Untracked 
| 109|0x0000000086d00000, 0x0000000086d00000, 0x0000000086e00000|  0%| F|  |TAMS 0x0000000086d00000, 0x0000000086d00000| Untracked 
| 110|0x0000000086e00000, 0x0000000086e00000, 0x0000000086f00000|  0%| F|  |TAMS 0x0000000086e00000, 0x0000000086e00000| Untracked 
| 111|0x0000000086f00000, 0x0000000086f00000, 0x0000000087000000|  0%| F|  |TAMS 0x0000000086f00000, 0x0000000086f00000| Untracked 
| 112|0x0000000087000000, 0x0000000087000000, 0x0000000087100000|  0%| F|  |TAMS 0x0000000087000000, 0x0000000087000000| Untracked 
| 113|0x0000000087100000, 0x0000000087100000, 0x0000000087200000|  0%| F|  |TAMS 0x0000000087100000, 0x0000000087100000| Untracked 
| 114|0x0000000087200000, 0x0000000087200000, 0x0000000087300000|  0%| F|  |TAMS 0x0000000087200000, 0x0000000087200000| Untracked 
| 115|0x0000000087300000, 0x0000000087300000, 0x0000000087400000|  0%| F|  |TAMS 0x0000000087300000, 0x0000000087300000| Untracked 
| 116|0x0000000087400000, 0x0000000087400000, 0x0000000087500000|  0%| F|  |TAMS 0x0000000087400000, 0x0000000087400000| Untracked 
| 117|0x0000000087500000, 0x0000000087500000, 0x0000000087600000|  0%| F|  |TAMS 0x0000000087500000, 0x0000000087500000| Untracked 
| 118|0x0000000087600000, 0x0000000087600000, 0x0000000087700000|  0%| F|  |TAMS 0x0000000087600000, 0x0000000087600000| Untracked 
| 119|0x0000000087700000, 0x0000000087700000, 0x0000000087800000|  0%| F|  |TAMS 0x0000000087700000, 0x0000000087700000| Untracked 
| 120|0x0000000087800000, 0x0000000087800000, 0x0000000087900000|  0%| F|  |TAMS 0x0000000087800000, 0x0000000087800000| Untracked 
| 121|0x0000000087900000, 0x0000000087900000, 0x0000000087a00000|  0%| F|  |TAMS 0x0000000087900000, 0x0000000087900000| Untracked 
| 122|0x0000000087a00000, 0x0000000087a00000, 0x0000000087b00000|  0%| F|  |TAMS 0x0000000087a00000, 0x0000000087a00000| Untracked 
| 123|0x0000000087b00000, 0x0000000087b00000, 0x0000000087c00000|  0%| F|  |TAMS 0x0000000087b00000, 0x0000000087b00000| Untracked 
| 124|0x0000000087c00000, 0x0000000087c00000, 0x0000000087d00000|  0%| F|  |TAMS 0x0000000087c00000, 0x0000000087c00000| Untracked 
| 125|0x0000000087d00000, 0x0000000087d00000, 0x0000000087e00000|  0%| F|  |TAMS 0x0000000087d00000, 0x0000000087d00000| Untracked 
| 126|0x0000000087e00000, 0x0000000087e00000, 0x0000000087f00000|  0%| F|  |TAMS 0x0000000087e00000, 0x0000000087e00000| Untracked 
| 127|0x0000000087f00000, 0x0000000087f00000, 0x0000000088000000|  0%| F|  |TAMS 0x0000000087f00000, 0x0000000087f00000| Untracked 
| 128|0x0000000088000000, 0x0000000088000000, 0x0000000088100000|  0%| F|  |TAMS 0x0000000088000000, 0x0000000088000000| Untracked 
| 129|0x0000000088100000, 0x0000000088100000, 0x0000000088200000|  0%| F|  |TAMS 0x0000000088100000, 0x0000000088100000| Untracked 
| 130|0x0000000088200000, 0x0000000088200000, 0x0000000088300000|  0%| F|  |TAMS 0x0000000088200000, 0x0000000088200000| Untracked 
| 131|0x0000000088300000, 0x0000000088363050, 0x0000000088400000| 38%| E|  |TAMS 0x0000000088300000, 0x0000000088300000| Complete 
| 132|0x0000000088400000, 0x0000000088500000, 0x0000000088500000|100%| E|CS|TAMS 0x0000000088400000, 0x0000000088400000| Complete 
| 133|0x0000000088500000, 0x0000000088600000, 0x0000000088600000|100%| E|CS|TAMS 0x0000000088500000, 0x0000000088500000| Complete 
| 134|0x0000000088600000, 0x0000000088700000, 0x0000000088700000|100%| E|CS|TAMS 0x0000000088600000, 0x0000000088600000| Complete 
| 135|0x0000000088700000, 0x0000000088800000, 0x0000000088800000|100%| E|CS|TAMS 0x0000000088700000, 0x0000000088700000| Complete 
| 136|0x0000000088800000, 0x0000000088900000, 0x0000000088900000|100%| E|CS|TAMS 0x0000000088800000, 0x0000000088800000| Complete 
| 137|0x0000000088900000, 0x0000000088a00000, 0x0000000088a00000|100%| E|CS|TAMS 0x0000000088900000, 0x0000000088900000| Complete 
| 138|0x0000000088a00000, 0x0000000088b00000, 0x0000000088b00000|100%| E|CS|TAMS 0x0000000088a00000, 0x0000000088a00000| Complete 
| 139|0x0000000088b00000, 0x0000000088c00000, 0x0000000088c00000|100%| E|CS|TAMS 0x0000000088b00000, 0x0000000088b00000| Complete 
| 140|0x0000000088c00000, 0x0000000088d00000, 0x0000000088d00000|100%| E|CS|TAMS 0x0000000088c00000, 0x0000000088c00000| Complete 
| 141|0x0000000088d00000, 0x0000000088e00000, 0x0000000088e00000|100%| E|CS|TAMS 0x0000000088d00000, 0x0000000088d00000| Complete 
| 255|0x000000008ff00000, 0x0000000090000000, 0x0000000090000000|100%| E|CS|TAMS 0x000000008ff00000, 0x000000008ff00000| Complete 

Card table byte_map: [0x00000253c50c0000,0x00000253c54c0000] _byte_map_base: 0x00000253c4cc0000

Marking Bits (Prev, Next): (CMBitMap*) 0x00000253abd5a860, (CMBitMap*) 0x00000253abd5a8a0
 Prev Bits: [0x00000253c58c0000, 0x00000253c78c0000)
 Next Bits: [0x00000253c78c0000, 0x00000253c98c0000)

Polling page: 0x00000253abdc0000

Metaspace:

Usage:
  Non-class:     75.78 MB used.
      Class:     12.12 MB used.
       Both:     87.90 MB used.

Virtual space:
  Non-class space:      128.00 MB reserved,      76.19 MB ( 60%) committed,  2 nodes.
      Class space:      416.00 MB reserved,      12.50 MB (  3%) committed,  1 nodes.
             Both:      544.00 MB reserved,      88.69 MB ( 16%) committed. 

Chunk freelists:
   Non-Class:  3.67 MB
       Class:  3.48 MB
        Both:  7.15 MB

MaxMetaspaceSize: 512.00 MB
CompressedClassSpaceSize: 416.00 MB
Initial GC threshold: 21.00 MB
Current GC threshold: 141.69 MB
CDS: on
MetaspaceReclaimPolicy: balanced
 - commit_granule_bytes: 65536.
 - commit_granule_words: 8192.
 - virtual_space_node_default_size: 8388608.
 - enlarge_chunks_in_place: 1.
 - new_chunks_are_fully_committed: 0.
 - uncommit_free_chunks: 1.
 - use_allocation_guard: 0.
 - handle_deallocations: 1.


Internal statistics:

num_allocs_failed_limit: 9.
num_arena_births: 1046.
num_arena_deaths: 2.
num_vsnodes_births: 3.
num_vsnodes_deaths: 0.
num_space_committed: 1419.
num_space_uncommitted: 0.
num_chunks_returned_to_freelist: 11.
num_chunks_taken_from_freelist: 4560.
num_chunk_merges: 9.
num_chunk_splits: 3040.
num_chunks_enlarged: 2034.
num_inconsistent_stats: 0.

CodeHeap 'non-profiled nmethods': size=120000Kb used=5467Kb max_used=5467Kb free=114532Kb
 bounds [0x00000253bcb10000, 0x00000253bd070000, 0x00000253c4040000]
CodeHeap 'profiled nmethods': size=120000Kb used=20045Kb max_used=20045Kb free=99955Kb
 bounds [0x00000253b5040000, 0x00000253b63e0000, 0x00000253bc570000]
CodeHeap 'non-nmethods': size=5760Kb used=2461Kb max_used=2494Kb free=3298Kb
 bounds [0x00000253bc570000, 0x00000253bc7f0000, 0x00000253bcb10000]
 total_blobs=11172 nmethods=10170 adapters=911
 compilation: enabled
              stopped_count=0, restarted_count=0
 full_count=0

Compilation events (20 events):
Event: 20.471 Thread 0x00000253cc6f0080 11780       2       groovyjarjarantlr4.v4.runtime.DefaultErrorStrategy::reportMatch (6 bytes)
Event: 20.471 Thread 0x00000253cc6f0080 nmethod 11780 0x00000253b63cfd90 code [0x00000253b63cff20, 0x00000253b63d0058]
Event: 20.471 Thread 0x00000253cc6f0080 11781       2       groovyjarjarantlr4.v4.runtime.Parser::consume (215 bytes)
Event: 20.472 Thread 0x00000253cc6f0080 nmethod 11781 0x00000253b63d0110 code [0x00000253b63d03c0, 0x00000253b63d0be8]
Event: 20.475 Thread 0x00000253cc6f0080 11783       3       groovyjarjarantlr4.v4.runtime.CommonTokenStream::adjustSeekIndex (10 bytes)
Event: 20.475 Thread 0x00000253cc6f0080 nmethod 11783 0x00000253b63d1190 code [0x00000253b63d1320, 0x00000253b63d14e8]
Event: 20.475 Thread 0x00000253cc6f0080 11784       2       java.util.Collections::singletonMap (10 bytes)
Event: 20.475 Thread 0x00000253cc6f0080 nmethod 11784 0x00000253b63d1590 code [0x00000253b63d1720, 0x00000253b63d1938]
Event: 20.475 Thread 0x00000253cc6f0080 11785       2       java.util.Collections$SingletonMap::<init> (15 bytes)
Event: 20.475 Thread 0x00000253cc6f0080 nmethod 11785 0x00000253b63d1a10 code [0x00000253b63d1ba0, 0x00000253b63d1d58]
Event: 20.475 Thread 0x00000253cc6f0080 11786       3       groovyjarjarantlr4.v4.runtime.atn.SemanticContext::or (58 bytes)
Event: 20.476 Thread 0x00000253cc6f0080 nmethod 11786 0x00000253b63d1e10 code [0x00000253b63d1fe0, 0x00000253b63d2388]
Event: 20.476 Thread 0x00000253cc6f0080 11787       2       groovyjarjarantlr4.v4.runtime.ParserRuleContext::<init> (5 bytes)
Event: 20.477 Thread 0x00000253cc6f0080 nmethod 11787 0x00000253b63d2490 code [0x00000253b63d2620, 0x00000253b63d2738]
Event: 20.477 Thread 0x00000253cc6f0080 11789       3       groovyjarjarantlr4.v4.runtime.atn.SimulatorState::<init> (36 bytes)
Event: 20.477 Thread 0x00000253cc6f0080 nmethod 11789 0x00000253b63d2810 code [0x00000253b63d29c0, 0x00000253b63d2cf8]
Event: 20.477 Thread 0x00000253cc6f0080 11790       3       groovyjarjarantlr4.v4.runtime.BufferedTokenStream::nextTokenOnChannel (85 bytes)
Event: 20.477 Thread 0x00000253cc6f0080 nmethod 11790 0x00000253b63d2e10 code [0x00000253b63d3060, 0x00000253b63d3c98]
Event: 20.477 Thread 0x00000253cc6f0080 11788       2       groovyjarjarantlr4.v4.runtime.RuleContext::<init> (10 bytes)
Event: 20.477 Thread 0x00000253cc6f0080 nmethod 11788 0x00000253b63d3f90 code [0x00000253b63d4120, 0x00000253b63d4238]

GC Heap History (20 events):
Event: 8.648 GC heap before
{Heap before GC invocations=23 (full 0):
 garbage-first heap   total 91136K, used 73460K [0x0000000080000000, 0x0000000100000000)
  region size 1024K, 13 young (13312K), 1 survivors (1024K)
 Metaspace       used 69036K, committed 69696K, reserved 491520K
  class space    used 9413K, committed 9728K, reserved 425984K
}
Event: 8.649 GC heap after
{Heap after GC invocations=24 (full 0):
 garbage-first heap   total 91136K, used 62277K [0x0000000080000000, 0x0000000100000000)
  region size 1024K, 1 young (1024K), 1 survivors (1024K)
 Metaspace       used 69036K, committed 69696K, reserved 491520K
  class space    used 9413K, committed 9728K, reserved 425984K
}
Event: 8.756 GC heap before
{Heap before GC invocations=25 (full 0):
 garbage-first heap   total 111616K, used 75589K [0x0000000080000000, 0x0000000100000000)
  region size 1024K, 14 young (14336K), 1 survivors (1024K)
 Metaspace       used 70324K, committed 70976K, reserved 491520K
  class space    used 9639K, committed 9920K, reserved 425984K
}
Event: 8.757 GC heap after
{Heap after GC invocations=26 (full 0):
 garbage-first heap   total 111616K, used 62767K [0x0000000080000000, 0x0000000100000000)
  region size 1024K, 1 young (1024K), 1 survivors (1024K)
 Metaspace       used 70324K, committed 70976K, reserved 491520K
  class space    used 9639K, committed 9920K, reserved 425984K
}
Event: 8.790 GC heap before
{Heap before GC invocations=26 (full 0):
 garbage-first heap   total 111616K, used 66863K [0x0000000080000000, 0x0000000100000000)
  region size 1024K, 5 young (5120K), 1 survivors (1024K)
 Metaspace       used 70688K, committed 71360K, reserved 491520K
  class space    used 9695K, committed 9984K, reserved 425984K
}
Event: 8.791 GC heap after
{Heap after GC invocations=27 (full 0):
 garbage-first heap   total 146432K, used 62092K [0x0000000080000000, 0x0000000100000000)
  region size 1024K, 1 young (1024K), 1 survivors (1024K)
 Metaspace       used 70688K, committed 71360K, reserved 491520K
  class space    used 9695K, committed 9984K, reserved 425984K
}
Event: 9.233 GC heap before
{Heap before GC invocations=27 (full 0):
 garbage-first heap   total 146432K, used 121484K [0x0000000080000000, 0x0000000100000000)
  region size 1024K, 55 young (56320K), 1 survivors (1024K)
 Metaspace       used 75131K, committed 75840K, reserved 557056K
  class space    used 10331K, committed 10624K, reserved 425984K
}
Event: 9.236 GC heap after
{Heap after GC invocations=28 (full 0):
 garbage-first heap   total 146432K, used 68586K [0x0000000080000000, 0x0000000100000000)
  region size 1024K, 3 young (3072K), 3 survivors (3072K)
 Metaspace       used 75131K, committed 75840K, reserved 557056K
  class space    used 10331K, committed 10624K, reserved 425984K
}
Event: 9.616 GC heap before
{Heap before GC invocations=28 (full 0):
 garbage-first heap   total 146432K, used 118762K [0x0000000080000000, 0x0000000100000000)
  region size 1024K, 53 young (54272K), 3 survivors (3072K)
 Metaspace       used 79678K, committed 80384K, reserved 557056K
  class space    used 10939K, committed 11264K, reserved 425984K
}
Event: 9.618 GC heap after
{Heap after GC invocations=29 (full 0):
 garbage-first heap   total 146432K, used 71276K [0x0000000080000000, 0x0000000100000000)
  region size 1024K, 6 young (6144K), 6 survivors (6144K)
 Metaspace       used 79678K, committed 80384K, reserved 557056K
  class space    used 10939K, committed 11264K, reserved 425984K
}
Event: 10.039 GC heap before
{Heap before GC invocations=29 (full 0):
 garbage-first heap   total 146432K, used 120428K [0x0000000080000000, 0x0000000100000000)
  region size 1024K, 54 young (55296K), 6 survivors (6144K)
 Metaspace       used 82519K, committed 83200K, reserved 557056K
  class space    used 11354K, committed 11648K, reserved 425984K
}
Event: 10.042 GC heap after
{Heap after GC invocations=30 (full 0):
 garbage-first heap   total 146432K, used 75301K [0x0000000080000000, 0x0000000100000000)
  region size 1024K, 7 young (7168K), 7 survivors (7168K)
 Metaspace       used 82519K, committed 83200K, reserved 557056K
  class space    used 11354K, committed 11648K, reserved 425984K
}
Event: 11.058 GC heap before
{Heap before GC invocations=30 (full 0):
 garbage-first heap   total 146432K, used 119333K [0x0000000080000000, 0x0000000100000000)
  region size 1024K, 51 young (52224K), 7 survivors (7168K)
 Metaspace       used 86086K, committed 86848K, reserved 557056K
  class space    used 11881K, committed 12224K, reserved 425984K
}
Event: 11.062 GC heap after
{Heap after GC invocations=31 (full 0):
 garbage-first heap   total 146432K, used 79154K [0x0000000080000000, 0x0000000100000000)
  region size 1024K, 5 young (5120K), 5 survivors (5120K)
 Metaspace       used 86086K, committed 86848K, reserved 557056K
  class space    used 11881K, committed 12224K, reserved 425984K
}
Event: 20.222 GC heap before
{Heap before GC invocations=32 (full 0):
 garbage-first heap   total 146432K, used 119090K [0x0000000080000000, 0x0000000100000000)
  region size 1024K, 45 young (46080K), 5 survivors (5120K)
 Metaspace       used 89571K, committed 90368K, reserved 557056K
  class space    used 12363K, committed 12736K, reserved 425984K
}
Event: 20.224 GC heap after
{Heap after GC invocations=33 (full 0):
 garbage-first heap   total 146432K, used 81799K [0x0000000080000000, 0x0000000100000000)
  region size 1024K, 3 young (3072K), 3 survivors (3072K)
 Metaspace       used 89571K, committed 90368K, reserved 557056K
  class space    used 12363K, committed 12736K, reserved 425984K
}
Event: 20.266 GC heap before
{Heap before GC invocations=33 (full 0):
 garbage-first heap   total 146432K, used 84871K [0x0000000080000000, 0x0000000100000000)
  region size 1024K, 7 young (7168K), 3 survivors (3072K)
 Metaspace       used 89621K, committed 90432K, reserved 557056K
  class space    used 12365K, committed 12736K, reserved 425984K
}
Event: 20.268 GC heap after
{Heap after GC invocations=34 (full 0):
 garbage-first heap   total 146432K, used 81342K [0x0000000080000000, 0x0000000100000000)
  region size 1024K, 1 young (1024K), 1 survivors (1024K)
 Metaspace       used 89621K, committed 90432K, reserved 557056K
  class space    used 12365K, committed 12736K, reserved 425984K
}
Event: 20.453 GC heap before
{Heap before GC invocations=34 (full 0):
 garbage-first heap   total 146432K, used 120254K [0x0000000080000000, 0x0000000100000000)
  region size 1024K, 40 young (40960K), 1 survivors (1024K)
 Metaspace       used 89998K, committed 90816K, reserved 557056K
  class space    used 12410K, committed 12800K, reserved 425984K
}
Event: 20.454 GC heap after
{Heap after GC invocations=35 (full 0):
 garbage-first heap   total 146432K, used 81888K [0x0000000080000000, 0x0000000100000000)
  region size 1024K, 2 young (2048K), 2 survivors (2048K)
 Metaspace       used 89998K, committed 90816K, reserved 557056K
  class space    used 12410K, committed 12800K, reserved 425984K
}

Dll operation events (17 events):
Event: 0.007 Loaded shared library C:\Program Files\Microsoft\jdk-17.0.10.7-hotspot\bin\java.dll
Event: 0.032 Loaded shared library C:\Program Files\Microsoft\jdk-17.0.10.7-hotspot\bin\jsvml.dll
Event: 0.069 Loaded shared library C:\Program Files\Microsoft\jdk-17.0.10.7-hotspot\bin\zip.dll
Event: 0.075 Loaded shared library C:\Program Files\Microsoft\jdk-17.0.10.7-hotspot\bin\instrument.dll
Event: 0.078 Loaded shared library C:\Program Files\Microsoft\jdk-17.0.10.7-hotspot\bin\net.dll
Event: 0.080 Loaded shared library C:\Program Files\Microsoft\jdk-17.0.10.7-hotspot\bin\nio.dll
Event: 0.082 Loaded shared library C:\Program Files\Microsoft\jdk-17.0.10.7-hotspot\bin\zip.dll
Event: 0.330 Loaded shared library C:\Program Files\Microsoft\jdk-17.0.10.7-hotspot\bin\jimage.dll
Event: 0.397 Loaded shared library C:\Program Files\Microsoft\jdk-17.0.10.7-hotspot\bin\verify.dll
Event: 0.537 Loaded shared library C:\Users\Riad\.gradle\native\68d5fa5c4cc2d200863cafc0d521ce42e7d3e7ee720ec0a83991735586a16f82\windows-amd64\native-platform.dll
Event: 0.554 Loaded shared library C:\Users\Riad\.gradle\native\e376f236ea51e6404a007f0833ffe2c6e607c4080706a723a18a27aeea778392\windows-amd64\native-platform-file-events.dll
Event: 1.598 Loaded shared library C:\Program Files\Microsoft\jdk-17.0.10.7-hotspot\bin\management.dll
Event: 1.599 Loaded shared library C:\Program Files\Microsoft\jdk-17.0.10.7-hotspot\bin\management_ext.dll
Event: 1.763 Loaded shared library C:\Program Files\Microsoft\jdk-17.0.10.7-hotspot\bin\extnet.dll
Event: 1.908 Loaded shared library C:\Program Files\Microsoft\jdk-17.0.10.7-hotspot\bin\sunmscapi.dll
Event: 11.281 Loaded shared library C:\Users\Riad\AppData\Local\Temp\native-platform1300680219493725dir\native-platform.dll
Event: 11.718 Loaded shared library C:\Program Files\Microsoft\jdk-17.0.10.7-hotspot\bin\rmi.dll

Deoptimization events (20 events):
Event: 20.373 Thread 0x00000253ed306350 Uncommon trap: trap_request=0xffffff45 fr.pc=0x00000253bcd68824 relative=0x00000000000004e4
Event: 20.373 Thread 0x00000253ed306350 Uncommon trap: reason=unstable_if action=reinterpret pc=0x00000253bcd68824 method=groovyjarjarantlr4.v4.runtime.atn.ATNConfig.transform(Lgroovyjarjarantlr4/v4/runtime/atn/ATNState;Lgroovyjarjarantlr4/v4/runtime/atn/PredictionContext;Lgroovyjarjarantlr4/v4
Event: 20.373 Thread 0x00000253ed306350 DEOPT PACKING pc=0x00000253bcd68824 sp=0x000000c713ef7280
Event: 20.373 Thread 0x00000253ed306350 DEOPT UNPACKING pc=0x00000253bc5c69a3 sp=0x000000c713ef71b8 mode 2
Event: 20.373 Thread 0x00000253ed306350 Uncommon trap: trap_request=0xffffff45 fr.pc=0x00000253bcd390f0 relative=0x0000000000000430
Event: 20.373 Thread 0x00000253ed306350 Uncommon trap: reason=unstable_if action=reinterpret pc=0x00000253bcd390f0 method=groovyjarjarantlr4.v4.runtime.atn.ATNConfig.transform(Lgroovyjarjarantlr4/v4/runtime/atn/ATNState;Lgroovyjarjarantlr4/v4/runtime/atn/PredictionContext;Lgroovyjarjarantlr4/v4
Event: 20.373 Thread 0x00000253ed306350 DEOPT PACKING pc=0x00000253bcd390f0 sp=0x000000c713ef7100
Event: 20.373 Thread 0x00000253ed306350 DEOPT UNPACKING pc=0x00000253bc5c69a3 sp=0x000000c713ef70d8 mode 2
Event: 20.373 Thread 0x00000253ed306350 Uncommon trap: trap_request=0xffffff45 fr.pc=0x00000253bcd6752c relative=0x000000000000030c
Event: 20.373 Thread 0x00000253ed306350 Uncommon trap: reason=unstable_if action=reinterpret pc=0x00000253bcd6752c method=groovyjarjarantlr4.v4.runtime.atn.ATNConfig.hashCode()I @ 67 c2
Event: 20.373 Thread 0x00000253ed306350 DEOPT PACKING pc=0x00000253bcd6752c sp=0x000000c713ef7080
Event: 20.373 Thread 0x00000253ed306350 DEOPT UNPACKING pc=0x00000253bc5c69a3 sp=0x000000c713ef7008 mode 2
Event: 20.428 Thread 0x00000253ed306350 DEOPT PACKING pc=0x00000253b57f2559 sp=0x000000c713ef7670
Event: 20.428 Thread 0x00000253ed306350 DEOPT UNPACKING pc=0x00000253bc5c7143 sp=0x000000c713ef6bc8 mode 0
Event: 20.432 Thread 0x00000253ed306350 DEOPT PACKING pc=0x00000253b5820ccc sp=0x000000c713ef7560
Event: 20.432 Thread 0x00000253ed306350 DEOPT UNPACKING pc=0x00000253bc5c7143 sp=0x000000c713ef6a78 mode 0
Event: 20.436 Thread 0x00000253ed306350 DEOPT PACKING pc=0x00000253b57e9f87 sp=0x000000c713ef72d0
Event: 20.436 Thread 0x00000253ed306350 DEOPT UNPACKING pc=0x00000253bc5c7143 sp=0x000000c713ef6828 mode 0
Event: 20.466 Thread 0x00000253ed306350 DEOPT PACKING pc=0x00000253b57ff878 sp=0x000000c713ef6980
Event: 20.466 Thread 0x00000253ed306350 DEOPT UNPACKING pc=0x00000253bc5c7143 sp=0x000000c713ef5e70 mode 0

Classes unloaded (1 events):
Event: 7.276 Thread 0x00000253cc5c8be0 Unloading class 0x00000253ce538800 '_BuildScript_'

Classes redefined (0 events):
No events

Internal exceptions (20 events):
Event: 11.736 Thread 0x00000253f1705c10 Exception <a 'java/lang/NoSuchMethodError'{0x00000000875d7fd8}: static Lorg/jetbrains/kotlin/daemon/common/CompileService$CallResult;.<clinit>()V> (0x00000000875d7fd8) 
thrown [s\src\hotspot\share\prims\jni.cpp, line 1107]
Event: 11.737 Thread 0x00000253f1705c10 Exception <a 'java/lang/NoSuchMethodError'{0x00000000875e4118}: static Lorg/jetbrains/kotlin/daemon/common/CompileService$CallResult$Good;.<clinit>()V> (0x00000000875e4118) 
thrown [s\src\hotspot\share\prims\jni.cpp, line 1107]
Event: 11.737 Thread 0x00000253f1705c10 Exception <a 'java/lang/NoSuchMethodError'{0x00000000875f1928}: static Lorg/jetbrains/kotlin/daemon/common/DaemonJVMOptions;.<clinit>()V> (0x00000000875f1928) 
thrown [s\src\hotspot\share\prims\jni.cpp, line 1107]
Event: 11.741 Thread 0x00000253f1705c10 Exception <a 'java/lang/NoSuchMethodError'{0x000000008740d910}: static Lorg/jetbrains/kotlin/daemon/common/CompileService$CallResult$Ok;.<clinit>()V> (0x000000008740d910) 
thrown [s\src\hotspot\share\prims\jni.cpp, line 1107]
Event: 11.756 Thread 0x00000253f1705c10 Exception <a 'java/lang/NoSuchMethodError'{0x0000000087368500}: static [Ljava/lang/Integer;.<clinit>()V> (0x0000000087368500) 
thrown [s\src\hotspot\share\prims\jni.cpp, line 1107]
Event: 20.123 Thread 0x00000253efec8e00 Exception <a 'sun/nio/fs/WindowsException'{0x0000000086d28ea8}> (0x0000000086d28ea8) 
thrown [s\src\hotspot\share\prims\jni.cpp, line 516]
Event: 20.123 Thread 0x00000253efec8e00 Exception <a 'sun/nio/fs/WindowsException'{0x0000000086d498a0}> (0x0000000086d498a0) 
thrown [s\src\hotspot\share\prims\jni.cpp, line 516]
Event: 20.123 Thread 0x00000253efec8e00 Exception <a 'sun/nio/fs/WindowsException'{0x0000000086d4ba68}> (0x0000000086d4ba68) 
thrown [s\src\hotspot\share\prims\jni.cpp, line 516]
Event: 20.123 Thread 0x00000253efec8e00 Exception <a 'sun/nio/fs/WindowsException'{0x0000000086d4d8c8}> (0x0000000086d4d8c8) 
thrown [s\src\hotspot\share\prims\jni.cpp, line 516]
Event: 20.126 Thread 0x00000253efec8e00 Exception <a 'sun/nio/fs/WindowsException'{0x0000000086d64a80}> (0x0000000086d64a80) 
thrown [s\src\hotspot\share\prims\jni.cpp, line 516]
Event: 20.176 Thread 0x00000253efec8e00 Exception <a 'sun/nio/fs/WindowsException'{0x0000000086be5500}> (0x0000000086be5500) 
thrown [s\src\hotspot\share\prims\jni.cpp, line 516]
Event: 20.273 Thread 0x00000253f033c7c0 Exception <a 'sun/nio/fs/WindowsException'{0x000000008ff84530}> (0x000000008ff84530) 
thrown [s\src\hotspot\share\prims\jni.cpp, line 516]
Event: 20.283 Thread 0x00000253f033d6f0 Exception <a 'sun/nio/fs/WindowsException'{0x000000008ff99e90}> (0x000000008ff99e90) 
thrown [s\src\hotspot\share\prims\jni.cpp, line 516]
Event: 20.327 Thread 0x00000253f033d6f0 Exception <a 'sun/nio/fs/WindowsException'{0x00000000884fe8b0}> (0x00000000884fe8b0) 
thrown [s\src\hotspot\share\prims\jni.cpp, line 516]
Event: 20.328 Thread 0x00000253f033d6f0 Exception <a 'sun/nio/fs/WindowsException'{0x00000000884fea68}> (0x00000000884fea68) 
thrown [s\src\hotspot\share\prims\jni.cpp, line 516]
Event: 20.350 Thread 0x00000253f033bda0 Exception <a 'sun/nio/fs/WindowsException'{0x0000000088b7be90}> (0x0000000088b7be90) 
thrown [s\src\hotspot\share\prims\jni.cpp, line 516]
Event: 20.352 Thread 0x00000253f033bda0 Exception <a 'sun/nio/fs/WindowsException'{0x0000000088064b30}> (0x0000000088064b30) 
thrown [s\src\hotspot\share\prims\jni.cpp, line 516]
Event: 20.353 Thread 0x00000253f033bda0 Exception <a 'sun/nio/fs/WindowsException'{0x0000000088064c98}> (0x0000000088064c98) 
thrown [s\src\hotspot\share\prims\jni.cpp, line 516]
Event: 20.356 Thread 0x00000253ed306350 Exception <a 'java/lang/ClassNotFoundException'{0x00000000880c4bc8}: build_bgocq8fhjg7k67iuwkxaij8shBeanInfo> (0x00000000880c4bc8) 
thrown [s\src\hotspot\share\classfile\systemDictionary.cpp, line 256]
Event: 20.356 Thread 0x00000253ed306350 Exception <a 'java/lang/ClassNotFoundException'{0x00000000880cb578}: build_bgocq8fhjg7k67iuwkxaij8shCustomizer> (0x00000000880cb578) 
thrown [s\src\hotspot\share\classfile\systemDictionary.cpp, line 256]

VM Operations (20 events):
Event: 11.121 Executing VM operation: HandshakeAllThreads done
Event: 11.186 Executing VM operation: HandshakeAllThreads
Event: 11.187 Executing VM operation: HandshakeAllThreads done
Event: 11.899 Executing VM operation: HandshakeAllThreads
Event: 11.899 Executing VM operation: HandshakeAllThreads done
Event: 12.899 Executing VM operation: Cleanup
Event: 12.899 Executing VM operation: Cleanup done
Event: 13.900 Executing VM operation: Cleanup
Event: 13.900 Executing VM operation: Cleanup done
Event: 18.902 Executing VM operation: Cleanup
Event: 18.902 Executing VM operation: Cleanup done
Event: 20.222 Executing VM operation: G1CollectForAllocation
Event: 20.225 Executing VM operation: G1CollectForAllocation done
Event: 20.266 Executing VM operation: G1CollectForAllocation
Event: 20.269 Executing VM operation: G1CollectForAllocation done
Event: 20.416 Executing VM operation: ICBufferFull
Event: 20.416 Executing VM operation: ICBufferFull done
Event: 20.453 Executing VM operation: G1CollectForAllocation
Event: 20.454 Executing VM operation: G1CollectForAllocation done
Event: 20.486 Executing VM operation: G1PauseRemark

Events (20 events):
Event: 20.204 loading class java/util/concurrent/ConcurrentLinkedQueue$Itr
Event: 20.204 loading class java/util/concurrent/ConcurrentLinkedQueue$Itr done
Event: 20.206 Thread 0x00000253f07a6860 Thread added: 0x00000253f07a6860
Event: 20.206 Thread 0x00000253f07a3ad0 Thread added: 0x00000253f07a3ad0
Event: 20.207 Thread 0x00000253f07a81b0 Thread added: 0x00000253f07a81b0
Event: 20.207 Thread 0x00000253f07a2690 Thread added: 0x00000253f07a2690
Event: 20.207 Thread 0x00000253f07a1c70 Thread added: 0x00000253f07a1c70
Event: 20.207 Thread 0x00000253f07a4a00 Thread added: 0x00000253f07a4a00
Event: 20.207 Thread 0x00000253f07a0d40 Thread added: 0x00000253f07a0d40
Event: 20.207 Thread 0x00000253f07a2ba0 Thread added: 0x00000253f07a2ba0
Event: 20.208 Thread 0x00000253f07a6d70 Thread added: 0x00000253f07a6d70
Event: 20.208 Thread 0x00000253f07a1760 Thread added: 0x00000253f07a1760
Event: 20.208 Thread 0x00000253f07a3fe0 Thread added: 0x00000253f07a3fe0
Event: 20.225 loading class sun/rmi/transport/DGCClient$EndpointEntry$CleanRequest
Event: 20.225 loading class sun/rmi/transport/DGCClient$EndpointEntry$CleanRequest done
Event: 20.227 Thread 0x00000253f1708490 Thread exited: 0x00000253f1708490
Event: 20.274 loading class sun/nio/fs/WindowsSecurity$Privilege
Event: 20.274 loading class sun/nio/fs/WindowsSecurity$Privilege done
Event: 20.332 loading class java/util/stream/SortedOps$RefSortingSink
Event: 20.332 loading class java/util/stream/SortedOps$RefSortingSink done


Dynamic libraries:
0x00007ff785850000 - 0x00007ff78585e000 	C:\Program Files\Microsoft\jdk-17.0.10.7-hotspot\bin\java.exe
0x00007ffaba090000 - 0x00007ffaba288000 	C:\Windows\SYSTEM32\ntdll.dll
0x00007ffab9290000 - 0x00007ffab934d000 	C:\Windows\System32\KERNEL32.DLL
0x00007ffab7970000 - 0x00007ffab7c66000 	C:\Windows\System32\KERNELBASE.dll
0x00007ffab7fc0000 - 0x00007ffab80c0000 	C:\Windows\System32\ucrtbase.dll
0x00007ffa9b320000 - 0x00007ffa9b337000 	C:\Program Files\Microsoft\jdk-17.0.10.7-hotspot\bin\jli.dll
0x00007ffa94340000 - 0x00007ffa9435b000 	C:\Program Files\Microsoft\jdk-17.0.10.7-hotspot\bin\VCRUNTIME140.dll
0x00007ffab83a0000 - 0x00007ffab853e000 	C:\Windows\System32\USER32.dll
0x00007ffa9deb0000 - 0x00007ffa9e14a000 	C:\Windows\WinSxS\amd64_microsoft.windows.common-controls_6595b64144ccf1df_6.0.19041.3636_none_60b6a03d71f818d5\COMCTL32.dll
0x00007ffab7ce0000 - 0x00007ffab7d02000 	C:\Windows\System32\win32u.dll
0x00007ffab8360000 - 0x00007ffab838c000 	C:\Windows\System32\GDI32.dll
0x00007ffab8d80000 - 0x00007ffab8e1e000 	C:\Windows\System32\msvcrt.dll
0x00007ffab7770000 - 0x00007ffab788a000 	C:\Windows\System32\gdi32full.dll
0x00007ffab7e70000 - 0x00007ffab7f0d000 	C:\Windows\System32\msvcp_win.dll
0x00007ffab8e20000 - 0x00007ffab8e50000 	C:\Windows\System32\IMM32.DLL
0x00007ffaaf2f0000 - 0x00007ffaaf2fc000 	C:\Program Files\Microsoft\jdk-17.0.10.7-hotspot\bin\vcruntime140_1.dll
0x00007ffa898c0000 - 0x00007ffa8994d000 	C:\Program Files\Microsoft\jdk-17.0.10.7-hotspot\bin\msvcp140.dll
0x00007ffa7f880000 - 0x00007ffa804e5000 	C:\Program Files\Microsoft\jdk-17.0.10.7-hotspot\bin\server\jvm.dll
0x00007ffab9520000 - 0x00007ffab95cf000 	C:\Windows\System32\ADVAPI32.dll
0x00007ffab91f0000 - 0x00007ffab928c000 	C:\Windows\System32\sechost.dll
0x00007ffab9640000 - 0x00007ffab9766000 	C:\Windows\System32\RPCRT4.dll
0x00007ffab6d20000 - 0x00007ffab6d6b000 	C:\Windows\SYSTEM32\POWRPROF.dll
0x00007ffaaf500000 - 0x00007ffaaf527000 	C:\Windows\SYSTEM32\WINMM.dll
0x00007ffaa7960000 - 0x00007ffaa7969000 	C:\Windows\SYSTEM32\WSOCK32.dll
0x00007ffab18e0000 - 0x00007ffab18ea000 	C:\Windows\SYSTEM32\VERSION.dll
0x00007ffab95d0000 - 0x00007ffab963b000 	C:\Windows\System32\WS2_32.dll
0x00007ffab6b90000 - 0x00007ffab6ba2000 	C:\Windows\SYSTEM32\UMPDC.dll
0x00007ffab5650000 - 0x00007ffab5662000 	C:\Windows\SYSTEM32\kernel.appcore.dll
0x00007ffaada00000 - 0x00007ffaada0a000 	C:\Program Files\Microsoft\jdk-17.0.10.7-hotspot\bin\jimage.dll
0x00007ffaaf990000 - 0x00007ffaafb74000 	C:\Windows\SYSTEM32\DBGHELP.DLL
0x00007ffaae2b0000 - 0x00007ffaae2e4000 	C:\Windows\SYSTEM32\dbgcore.DLL
0x00007ffab78e0000 - 0x00007ffab7962000 	C:\Windows\System32\bcryptPrimitives.dll
0x00007ffaa0cc0000 - 0x00007ffaa0cce000 	C:\Program Files\Microsoft\jdk-17.0.10.7-hotspot\bin\instrument.dll
0x00007ffa92b00000 - 0x00007ffa92b25000 	C:\Program Files\Microsoft\jdk-17.0.10.7-hotspot\bin\java.dll
0x00007ffa897e0000 - 0x00007ffa898b7000 	C:\Program Files\Microsoft\jdk-17.0.10.7-hotspot\bin\jsvml.dll
0x00007ffab9770000 - 0x00007ffab9eb5000 	C:\Windows\System32\SHELL32.dll
0x00007ffab5850000 - 0x00007ffab5feb000 	C:\Windows\SYSTEM32\windows.storage.dll
0x00007ffab8a10000 - 0x00007ffab8d64000 	C:\Windows\System32\combase.dll
0x00007ffab71b0000 - 0x00007ffab71dd000 	C:\Windows\SYSTEM32\Wldp.dll
0x00007ffab9350000 - 0x00007ffab93fd000 	C:\Windows\System32\SHCORE.dll
0x00007ffab9ff0000 - 0x00007ffaba045000 	C:\Windows\System32\shlwapi.dll
0x00007ffab76a0000 - 0x00007ffab76c5000 	C:\Windows\SYSTEM32\profapi.dll
0x00007ffa8b430000 - 0x00007ffa8b448000 	C:\Program Files\Microsoft\jdk-17.0.10.7-hotspot\bin\zip.dll
0x00007ffa8de10000 - 0x00007ffa8de29000 	C:\Program Files\Microsoft\jdk-17.0.10.7-hotspot\bin\net.dll
0x00007ffab0610000 - 0x00007ffab071a000 	C:\Windows\SYSTEM32\WINHTTP.dll
0x00007ffab6f10000 - 0x00007ffab6f7a000 	C:\Windows\system32\mswsock.dll
0x00007ffa8bfd0000 - 0x00007ffa8bfe6000 	C:\Program Files\Microsoft\jdk-17.0.10.7-hotspot\bin\nio.dll
0x00007ffaaa6c0000 - 0x00007ffaaa6d0000 	C:\Program Files\Microsoft\jdk-17.0.10.7-hotspot\bin\verify.dll
0x00007ffa8b170000 - 0x00007ffa8b197000 	C:\Users\Riad\.gradle\native\68d5fa5c4cc2d200863cafc0d521ce42e7d3e7ee720ec0a83991735586a16f82\windows-amd64\native-platform.dll
0x00007ffa88a90000 - 0x00007ffa88bd4000 	C:\Users\Riad\.gradle\native\e376f236ea51e6404a007f0833ffe2c6e607c4080706a723a18a27aeea778392\windows-amd64\native-platform-file-events.dll
0x00007ffaa65d0000 - 0x00007ffaa65d9000 	C:\Program Files\Microsoft\jdk-17.0.10.7-hotspot\bin\management.dll
0x00007ffaa1670000 - 0x00007ffaa167b000 	C:\Program Files\Microsoft\jdk-17.0.10.7-hotspot\bin\management_ext.dll
0x00007ffab8d70000 - 0x00007ffab8d78000 	C:\Windows\System32\PSAPI.DLL
0x00007ffab7100000 - 0x00007ffab7118000 	C:\Windows\SYSTEM32\CRYPTSP.dll
0x00007ffab67d0000 - 0x00007ffab6804000 	C:\Windows\system32\rsaenh.dll
0x00007ffab80c0000 - 0x00007ffab80e7000 	C:\Windows\System32\bcrypt.dll
0x00007ffab7620000 - 0x00007ffab764e000 	C:\Windows\SYSTEM32\USERENV.dll
0x00007ffab7120000 - 0x00007ffab712c000 	C:\Windows\SYSTEM32\CRYPTBASE.dll
0x00007ffab6bb0000 - 0x00007ffab6beb000 	C:\Windows\SYSTEM32\IPHLPAPI.DLL
0x00007ffab8390000 - 0x00007ffab8398000 	C:\Windows\System32\NSI.dll
0x00007ffab1980000 - 0x00007ffab1997000 	C:\Windows\SYSTEM32\dhcpcsvc6.DLL
0x00007ffab1b70000 - 0x00007ffab1b8d000 	C:\Windows\SYSTEM32\dhcpcsvc.DLL
0x00007ffab6c00000 - 0x00007ffab6cca000 	C:\Windows\SYSTEM32\DNSAPI.dll
0x00007ffaa11c0000 - 0x00007ffaa11c9000 	C:\Program Files\Microsoft\jdk-17.0.10.7-hotspot\bin\extnet.dll
0x00007ffa9e9c0000 - 0x00007ffa9e9ce000 	C:\Program Files\Microsoft\jdk-17.0.10.7-hotspot\bin\sunmscapi.dll
0x00007ffab7d10000 - 0x00007ffab7e6d000 	C:\Windows\System32\CRYPT32.dll
0x00007ffab7220000 - 0x00007ffab7247000 	C:\Windows\SYSTEM32\ncrypt.dll
0x00007ffab71e0000 - 0x00007ffab721b000 	C:\Windows\SYSTEM32\NTASN1.dll
0x00007ffaa0630000 - 0x00007ffaa0637000 	C:\Windows\system32\wshunix.dll
0x00007ffaaa070000 - 0x00007ffaaa07a000 	C:\Windows\System32\rasadhlp.dll
0x00007ffaaa4f0000 - 0x00007ffaaa570000 	C:\Windows\System32\fwpuclnt.dll
0x00007ffa9bfa0000 - 0x00007ffa9bfb7000 	C:\Windows\system32\napinsp.dll
0x00007ffa9be60000 - 0x00007ffa9be7b000 	C:\Windows\system32\pnrpnsp.dll
0x00007ffab34e0000 - 0x00007ffab34fd000 	C:\Windows\system32\NLAapi.dll
0x00007ffa9be40000 - 0x00007ffa9be52000 	C:\Windows\System32\winrnr.dll
0x00007ffa9be20000 - 0x00007ffa9be35000 	C:\Windows\system32\wshbth.dll
0x00007ffab4fa0000 - 0x00007ffab5030000 	C:\Windows\system32\apphelp.dll
0x00007ffa8b410000 - 0x00007ffa8b42e000 	C:\Users\Riad\AppData\Local\Temp\native-platform1300680219493725dir\native-platform.dll
0x00007ffa9e7c0000 - 0x00007ffa9e7c7000 	C:\Program Files\Microsoft\jdk-17.0.10.7-hotspot\bin\rmi.dll
0x00007ffab68f0000 - 0x00007ffab6923000 	C:\Windows\SYSTEM32\ntmarta.dll

dbghelp: loaded successfully - version: 4.0.5 - missing functions: none
symbol engine: initialized successfully - sym options: 0x614 - pdb path: .;C:\Program Files\Microsoft\jdk-17.0.10.7-hotspot\bin;C:\Windows\SYSTEM32;C:\Windows\WinSxS\amd64_microsoft.windows.common-controls_6595b64144ccf1df_6.0.19041.3636_none_60b6a03d71f818d5;C:\Program Files\Microsoft\jdk-17.0.10.7-hotspot\bin\server;C:\Users\Riad\.gradle\native\68d5fa5c4cc2d200863cafc0d521ce42e7d3e7ee720ec0a83991735586a16f82\windows-amd64;C:\Users\Riad\.gradle\native\e376f236ea51e6404a007f0833ffe2c6e607c4080706a723a18a27aeea778392\windows-amd64;C:\Users\Riad\AppData\Local\Temp\native-platform1300680219493725dir

VM Arguments:
jvm_args: -XX:MaxMetaspaceSize=512m --add-opens=java.base/java.util=ALL-UNNAMED --add-opens=java.base/java.lang=ALL-UNNAMED --add-opens=java.base/java.lang.invoke=ALL-UNNAMED --add-opens=java.prefs/java.util.prefs=ALL-UNNAMED --add-opens=java.base/java.nio.charset=ALL-UNNAMED --add-opens=java.base/java.net=ALL-UNNAMED --add-opens=java.base/java.util.concurrent.atomic=ALL-UNNAMED -Xmx2048m -Dfile.encoding=windows-1252 -Duser.country=US -Duser.language=en -Duser.variant -javaagent:C:\Users\Riad\.gradle\wrapper\dists\gradle-8.3-all\6en3ugtfdg5xnpx44z4qbwgas\gradle-8.3\lib\agents\gradle-instrumentation-agent-8.3.jar 
java_command: org.gradle.launcher.daemon.bootstrap.GradleDaemon 8.3
java_class_path (initial): C:\Users\Riad\.gradle\wrapper\dists\gradle-8.3-all\6en3ugtfdg5xnpx44z4qbwgas\gradle-8.3\lib\gradle-launcher-8.3.jar
Launcher Type: SUN_STANDARD

[Global flags]
     intx CICompilerCount                          = 4                                         {product} {ergonomic}
   size_t CompressedClassSpaceSize                 = 436207616                                 {product} {ergonomic}
     uint ConcGCThreads                            = 3                                         {product} {ergonomic}
     uint G1ConcRefinementThreads                  = 10                                        {product} {ergonomic}
   size_t G1HeapRegionSize                         = 1048576                                   {product} {ergonomic}
    uintx GCDrainStackTargetSize                   = 64                                        {product} {ergonomic}
   size_t InitialHeapSize                          = 268435456                                 {product} {ergonomic}
   size_t MarkStackSize                            = 4194304                                   {product} {ergonomic}
   size_t MaxHeapSize                              = 2147483648                                {product} {command line}
   size_t MaxMetaspaceSize                         = 536870912                                 {product} {command line}
   size_t MaxNewSize                               = 1287651328                                {product} {ergonomic}
   size_t MinHeapDeltaBytes                        = 1048576                                   {product} {ergonomic}
   size_t MinHeapSize                              = 8388608                                   {product} {ergonomic}
    uintx NonNMethodCodeHeapSize                   = 5839372                                {pd product} {ergonomic}
    uintx NonProfiledCodeHeapSize                  = 122909434                              {pd product} {ergonomic}
    uintx ProfiledCodeHeapSize                     = 122909434                              {pd product} {ergonomic}
    uintx ReservedCodeCacheSize                    = 251658240                              {pd product} {ergonomic}
     bool SegmentedCodeCache                       = true                                      {product} {ergonomic}
   size_t SoftMaxHeapSize                          = 2147483648                             {manageable} {ergonomic}
     bool UseCompressedClassPointers               = true                           {product lp64_product} {ergonomic}
     bool UseCompressedOops                        = true                           {product lp64_product} {ergonomic}
     bool UseG1GC                                  = true                                      {product} {ergonomic}
     bool UseLargePagesIndividualAllocation        = false                                  {pd product} {ergonomic}

Logging:
Log output configuration:
 #0: stdout all=warning uptime,level,tags
 #1: stderr all=off uptime,level,tags

Environment Variables:
JAVA_HOME=C:\Program Files\Microsoft\jdk-17.0.10.7-hotspot\
CLASSPATH=D:\react projects\PfeProject\android\\gradle\wrapper\gradle-wrapper.jar
PATH=D:\react projects\PfeProject\node_modules\.bin;D:\react projects\node_modules\.bin;D:\node_modules\.bin;C:\Program Files\nodejs\node_modules\npm\node_modules\@npmcli\run-script\lib\node-gyp-bin;C:\Program Files\Microsoft\jdk-17.0.10.7-hotspot\bin;C:\Program Files (x86)\Common Files\Oracle\Java\javapath;C:\Program Files\Common Files\Oracle\Java\javapath;C:\Windows\system32;C:\Windows;C:\Windows\System32\Wbem;C:\Windows\System32\WindowsPowerShell\v1.0\;C:\Windows\System32\OpenSSH\;D:\Git\cmd;C:\ProgramData\chocolatey\bin;C:\Program Files\nodejs\;C:\Users\Riad\AppData\Local\Programs\Python\Launcher\;C:\Users\Riad\AppData\Local\Microsoft\WindowsApps;D:\Microsoft VS Code\bin;C:\msys64\ucrt64\bin;D:\PyCharm Community Edition 2023.3.3\bin;;D:\Node JS\node_modules\npm;C:\Users\Riad\AppData\Roaming\npm;C:\Users\Riad\AppData\Local\Android\Sdk\platform-tools;
USERNAME=Riad
OS=Windows_NT
PROCESSOR_IDENTIFIER=AMD64 Family 23 Model 113 Stepping 0, AuthenticAMD
TMP=C:\Users\Riad\AppData\Local\Temp
TEMP=C:\Users\Riad\AppData\Local\Temp



Periodic native trim disabled


---------------  S Y S T E M  ---------------

OS:
 Windows 10 , 64 bit Build 19041 (10.0.19041.3636)
OS uptime: 6 days 22:37 hours

CPU: total 12 (initial active 12) (12 cores per cpu, 2 threads per core) family 23 model 113 stepping 0 microcode 0x0, cx8, cmov, fxsr, ht, mmx, 3dnowpref, sse, sse2, sse3, ssse3, sse4a, sse4.1, sse4.2, popcnt, lzcnt, tsc, tscinvbit, avx, avx2, aes, clmul, bmi1, bmi2, adx, sha, fma, vzeroupper, clflush, clflushopt
Processor Information for all 12 processors :
  Max Mhz: 3600, Current Mhz: 3600, Mhz Limit: 3600

Memory: 4k page, system-wide physical 16294M (561M free)
TotalPageFile size 28794M (AvailPageFile size 11M)
current process WorkingSet (physical memory assigned to process): 396M, peak: 398M
current process commit charge ("private bytes"): 442M, peak: 453M

vm_info: OpenJDK 64-Bit Server VM (17.0.10+7-LTS) for windows-amd64 JRE (17.0.10+7-LTS), built on Jan 10 2024 19:47:12 by "MicrosoftCorporation" with MS VC++ 16.10 / 16.11 (VS2019)

END.
